
[ â€‰â€‰â€…â€…UTCâ€…â€…â€‰â€‰ ] Logs for sdp2model.streamlit.app/
â”€â”€â”€â”€â”€â”€â”€â”€â”€â”€â”€â”€â”€â”€â”€â”€â”€â”€â”€â”€â”€â”€â”€â”€â”€â”€â”€â”€â”€â”€â”€â”€â”€â”€â”€â”€â”€â”€â”€â”€â”€â”€â”€â”€â”€â”€â”€â”€â”€â”€â”€â”€â”€â”€â”€â”€â”€â”€â”€â”€â”€â”€â”€â”€â”€â”€â”€â”€â”€â”€â”€â”€â”€â”€â”€â”€â”€â”€â”€â”€â”€â”€â”€â”€â”€â”€â”€â”€
[08:08:40] ğŸ–¥ Provisioning machine...
[08:08:40] ğŸ› Preparing system...
[08:08:40] â›“ Spinning up manager process...
[08:08:41] ğŸš€ Starting up repository: 'blank-app', branch: 'main', main module: 'streamlit_app.py'
[08:08:41] ğŸ™ Cloning repository...
[08:08:45] ğŸ™ Cloning into '/mount/src/blank-app'...

[08:08:45] ğŸ™ Cloned repository!
[08:08:45] ğŸ™ Pulling code changes from Github...
[08:08:46] ğŸ“¦ Processing dependencies...
[08:08:46] ğŸ“¦ Apt dependencies were installed from /mount/src/blank-app/packages.txt using apt-get.
Get:1 http://deb.debian.org/debian bookworm InRelease [151 kB]
Get:2 http://deb.debian.org/debian bookworm-updates InRelease [55.4 kB]
Get:3 http://deb.debian.org/debian-security bookworm-security InRelease [48.0 kB]
Get:4 https://packages.microsoft.com/debian/11/prod bullseye InRelease [3650 B]
Get:5 http://deb.debian.org/debian bookworm/main amd64 Packages [8792 kB]
Get:6 http://deb.debian.org/debian-security bookworm-security/main amd64 Packages [291 kB]
Get:7 https://packages.microsoft.com/debian/11/prod bullseye/main amd64 Packages [220 kB]
Get:8 https://packages.microsoft.com/debian/11/prod bullseye/main arm64 Packages [64.4 kB]
Fetched 9625 kB in 1s (8299 kB/s)
Reading package lists...[2026-01-15 08:08:48.663301] 
Reading package lists...[2026-01-15 08:08:49.314860] 
Building dependency tree...[2026-01-15 08:08:49.529517] 
Reading state information...[2026-01-15 08:08:49.529867] 
The following additional packages will be installed:
  fontconfig libarchive-dev libarchive13 libcairo2 libcurl3-nss
  libcurl4-nss-dev libdatrie1 libdrm-amdgpu1 libdrm-common libdrm-intel1
  libdrm-nouveau2 libdrm-radeon1 libdrm2 libfribidi0 libgif7 libgl1-mesa-dri
  libglapi-mesa libglvnd0 libglx-mesa0 libglx0 libgraphite2-3 libharfbuzz0b
  liblcms2-2 liblept5 libleptonica-dev libllvm15 libnspr4 libnss3 libopenjp2-7
  libpango-1.0-0 libpangocairo-1.0-0 libpangoft2-1.0-0 libpciaccess0
  libpixman-1-0 libpoppler126 libsensors-config libsensors5 libtesseract5
  libthai-data libthai0 libwebpmux3 libx11-xcb1 libxcb-dri2-0 libxcb-dri3-0
  libxcb-glx0 libxcb-present0 libxcb-randr0 libxcb-render0 libxcb-shm0
  libxcb-sync1 libxcb-xfixes0 libxfixes3 libxrender1 libxshmfence1 libxxf86vm1
  libz3-4 nss-plugin-pem poppler-data tesseract-ocr-eng tesseract-ocr-osd
Suggested packages:
  lrzip libcurl4-doc libidn-dev libkrb5-dev libldap2-dev libnss3-dev
  librtmp-dev libssh2-1-dev pkg-config zlib1g-dev liblcms2-utils pciutils
  lm-sensors ghostscript fonts-japanese-mincho | fonts-ipafont-mincho
  fonts-japanese-gothic | fonts-ipafont-gothic fonts-arphic-ukai
  fonts-arphic-uming fonts-nanum
The following NEW packages will be installed:
  fontconfig libarchive-dev libarchive13 libcairo2 libcurl3-nss
  libcurl4-nss-dev libdatrie1 libdrm-amdgpu1 libdrm-common libdrm-intel1
  libdrm-nouveau2 libdrm-radeon1 libdrm2 libfribidi0 libgif7 libgl1
  libgl1-mesa-dri libglapi-mesa libglvnd0 libglx-mesa0 libglx0 libgraphite2-3
  libharfbuzz0b liblcms2-2 liblept5 libleptonica-dev libllvm15 libnspr4
  libnss3 libopenjp2-7 libpango-1.0-0 libpangocairo-1.0-0 libpangoft2-1.0-0
  libpciaccess0 libpixman-1-0 libpoppler126 libsensors-config libsensors5
  libtesseract-dev libtesseract5 libthai-data libthai0 libwebpmux3 libx11-xcb1
  libxcb-dri2-0 libxcb-dri3-0 libxcb-glx0 libxcb-present0 libxcb-randr0
  libxcb-render0 libxcb-shm0 libxcb-sync1 libxcb-xfixes0 libxfixes3
  libxrender1 libxshmfence1 libxxf86vm1 libz3-4 nss-plugin-pem poppler-data
  poppler-utils tesseract-ocr tesseract-ocr-eng tesseract-ocr-osd
0 upgraded, 64 newly installed, 0 to remove and 33 not upgraded.
Need to get 61.4 MB of archives.
After this operation, 247 MB of additional disk space will be used.
Get:1 http://deb.debian.org/debian bookworm/main amd64 poppler-data all 0.4.12-1 [1601 kB]
Get:2 http://deb.debian.org/debian bookworm/main amd64 fontconfig amd64 2.14.1-4 [449 kB]
Get:3 http://deb.debian.org/debian bookworm/main amd64 libarchive13 amd64 3.6.2-1+deb12u3 [343 kB]
Get:4 http://deb.debian.org/debian bookworm/main amd64 libarchive-dev amd64 3.6.2-1+deb12u3 [560 kB]
Get:5 http://deb.debian.org/debian bookworm/main amd64 libpixman-1-0 amd64 0.42.2-1 [546 kB]
Get:6 http://deb.debian.org/debian bookworm/main amd64 libxcb-render0 amd64 1.15-1 [115 kB]
Get:7 http://deb.debian.org/debian bookworm/main amd64 libxcb-shm0 amd64 1.15-1 [105 kB]
Get:8 http://deb.debian.org/debian bookworm/main amd64 libxrender1 amd64 1:0.9.10-1.1 [33.2 kB]
Get:9 http://deb.debian.org/debian bookworm/main amd64 libcairo2 amd64 1.16.0-7 [575 kB]
Get:10 http://deb.debian.org/debian bookworm/main amd64 libnspr4 amd64 2:4.35-1 [113 kB]
Get:11 http://deb.debian.org/debian bookworm/main amd64 libnss3 amd64 2:3.87.1-1+deb12u1 [1331 kB]
Get:12 http://deb.debian.org/debian bookworm/main amd64 nss-plugin-pem amd64 1.0.8+1-1 [54.6 kB]
Get:13 http://deb.debian.org/debian bookworm/main amd64 libcurl3-nss amd64 7.88.1-10+deb12u14 [395 kB]
Get:14 http://deb.debian.org/debian bookworm/main amd64 libcurl4-nss-dev amd64 7.88.1-10+deb12u14 [497 kB]
Get:15 http://deb.debian.org/debian bookworm/main amd64 libdatrie1 amd64 0.2.13-2+b1 [43.3 kB]
Get:16 http://deb.debian.org/debian bookworm/main amd64 libdrm-common all 2.4.114-1 [7112 B]
Get:17 http://deb.debian.org/debian bookworm/main amd64 libdrm2 amd64 2.4.114-1+b1 [37.5 kB]
Get:18 http://deb.debian.org/debian bookworm/main amd64 libdrm-amdgpu1 amd64 2.4.114-1+b1 [20.9 kB]
Get:19 http://deb.debian.org/debian bookworm/main amd64 libpciaccess0 amd64 0.17-2 [51.4 kB]
Get:20 http://deb.debian.org/debian bookworm/main amd64 libdrm-intel1 amd64 2.4.114-1+b1 [64.0 kB]
Get:21 http://deb.debian.org/debian bookworm/main amd64 libdrm-nouveau2 amd64 2.4.114-1+b1 [19.1 kB]
Get:22 http://deb.debian.org/debian bookworm/main amd64 libdrm-radeon1 amd64 2.4.114-1+b1 [21.8 kB]
Get:23 http://deb.debian.org/debian bookworm/main amd64 libfribidi0 amd64 1.0.8-2.1 [65.0 kB]
Get:24 http://deb.debian.org/debian bookworm/main amd64 libgif7 amd64 5.2.1-2.5 [46.9 kB]
Get:25 http://deb.debian.org/debian bookworm/main amd64 libglvnd0 amd64 1.6.0-1 [51.8 kB]
Get:26 http://deb.debian.org/debian bookworm/main amd64 libglapi-mesa amd64 22.3.6-1+deb12u1 [35.7 kB]
Get:27 http://deb.debian.org/debian bookworm/main amd64 libx11-xcb1 amd64 2:1.8.4-2+deb12u2 [192 kB]
Get:28 http://deb.debian.org/debian bookworm/main amd64 libxcb-dri2-0 amd64 1.15-1 [107 kB]
Get:29 http://deb.debian.org/debian bookworm/main amd64 libxcb-dri3-0 amd64 1.15-1 [107 kB]
Get:30 http://deb.debian.org/debian bookworm/main amd64 libxcb-glx0 amd64 1.15-1 [122 kB]
Get:31 http://deb.debian.org/debian bookworm/main amd64 libxcb-present0 amd64 1.15-1 [105 kB]
Get:32 http://deb.debian.org/debian bookworm/main amd64 libxcb-randr0 amd64 1.15-1 [117 kB]
Get:33 http://deb.debian.org/debian bookworm/main amd64 libxcb-sync1 amd64 1.15-1 [109 kB]
Get:34 http://deb.debian.org/debian bookworm/main amd64 libxcb-xfixes0 amd64 1.15-1 [109 kB]
Get:35 http://deb.debian.org/debian bookworm/main amd64 libxfixes3 amd64 1:6.0.0-2 [22.7 kB]
Get:36 http://deb.debian.org/debian bookworm/main amd64 libxshmfence1 amd64 1.3-1 [8820 B]
Get:37 http://deb.debian.org/debian bookworm/main amd64 libxxf86vm1 amd64 1:1.1.4-1+b2 [20.8 kB]
Get:38 http://deb.debian.org/debian bookworm/main amd64 libz3-4 amd64 4.8.12-3.1 [7216 kB]
Get:39 http://deb.debian.org/debian bookworm/main amd64 libllvm15 amd64 1:15.0.6-4+b1 [23.1 MB]
Get:40 http://deb.debian.org/debian bookworm/main amd64 libsensors-config all 1:3.6.0-7.1 [14.3 kB]
Get:41 http://deb.debian.org/debian bookworm/main amd64 libsensors5 amd64 1:3.6.0-7.1 [34.2 kB]
Get:42 http://deb.debian.org/debian bookworm/main amd64 libgl1-mesa-dri amd64 22.3.6-1+deb12u1 [7239 kB]
Get:43 http://deb.debian.org/debian bookworm/main amd64 libglx-mesa0 amd64 22.3.6-1+deb12u1 [147 kB]
Get:44 http://deb.debian.org/debian bookworm/main amd64 libglx0 amd64 1.6.0-1 [34.4 kB]
Get:45 http://deb.debian.org/debian bookworm/main amd64 libgl1 amd64 1.6.0-1 [88.4 kB]
Get:46 http://deb.debian.org/debian bookworm/main amd64 libgraphite2-3 amd64 1.3.14-1 [81.2 kB]
Get:47 http://deb.debian.org/debian bookworm/main amd64 libharfbuzz0b amd64 6.0.0+dfsg-3 [1945 kB]
Get:48 http://deb.debian.org/debian bookworm/main amd64 liblcms2-2 amd64 2.14-2 [154 kB]
Get:49 http://deb.debian.org/debian bookworm/main amd64 libopenjp2-7 amd64 2.5.0-2+deb12u2 [189 kB]
Get:50 http://deb.debian.org/debian bookworm/main amd64 libwebpmux3 amd64 1.2.4-0.2+deb12u1 [109 kB]
Get:51 http://deb.debian.org/debian bookworm/main amd64 liblept5 amd64 1.82.0-3+b3 [1050 kB]
Get:52 http://deb.debian.org/debian bookworm/main amd64 libleptonica-dev amd64 1.82.0-3+b3 [1466 kB]
Get:53 http://deb.debian.org/debian bookworm/main amd64 libthai-data all 0.1.29-1 [176 kB]
Get:54 http://deb.debian.org/debian bookworm/main amd64 libthai0 amd64 0.1.29-1 [57.5 kB]
Get:55 http://deb.debian.org/debian bookworm/main amd64 libpango-1.0-0 amd64 1.50.12+ds-1 [212 kB]
Get:56 http://deb.debian.org/debian bookworm/main amd64 libpangoft2-1.0-0 amd64 1.50.12+ds-1 [47.4 kB]
Get:57 http://deb.debian.org/debian bookworm/main amd64 libpangocairo-1.0-0 amd64 1.50.12+ds-1 [34.2 kB]
Get:58 http://deb.debian.org/debian bookworm/main amd64 libpoppler126 amd64 22.12.0-2+deb12u1 [1853 kB]
Get:59 http://deb.debian.org/debian bookworm/main amd64 libtesseract5 amd64 5.3.0-2 [1279 kB]
Get:60 http://deb.debian.org/debian bookworm/main amd64 libtesseract-dev amd64 5.3.0-2 [1495 kB]
Get:61 http://deb.debian.org/debian bookworm/main amd64 poppler-utils amd64 22.12.0-2+deb12u1 [191 kB]
Get:62 http://deb.debian.org/debian bookworm/main amd64 tesseract-ocr-eng all 1:4.1.0-2 [1594 kB]
Get:63 http://deb.debian.org/debian bookworm/main amd64 tesseract-ocr-osd all 1:4.1.0-2 [2992 kB]
Get:64 http://deb.debian.org/debian bookworm/main amd64 tesseract-ocr amd64 5.3.0-2 [402 kB]
debconf: delaying package configuration, since apt-utils is not installed
Fetched 61.4 MB in 1s (115 MB/s)
Selecting previously unselected package poppler-data.
(Reading database ... [2026-01-15 08:08:50.898019] (Reading database ... 5%(Reading database ... 10%(Reading database ... 15%(Reading database ... 20%(Reading database ... 25%(Reading database ... 30%(Reading database ... 35%(Reading database ... 40%(Reading database ... 45%(Reading database ... 50%[2026-01-15 08:08:50.898262] (Reading database ... 55%(Reading database ... 60%(Reading database ... 65%[2026-01-15 08:08:50.900119] (Reading database ... 70%[2026-01-15 08:08:50.901838] (Reading database ... 75%[2026-01-15 08:08:50.904450] (Reading database ... 80%[2026-01-15 08:08:50.906583] (Reading database ... 85%[2026-01-15 08:08:50.909853] (Reading database ... 90%[2026-01-15 08:08:50.911544] (Reading database ... 95%[2026-01-15 08:08:50.913898] (Reading database ... 100%(Reading database ... 23146 files and directories currently installed.)
Preparing to unpack .../00-poppler-data_0.4.12-1_all.deb ...
Unpacking poppler-data (0.4.12-1) ...
Selecting previously unselected package fontconfig.
Preparing to unpack .../01-fontconfig_2.14.1-4_amd64.deb ...
Unpacking fontconfig (2.14.1-4) ...
Selecting previously unselected package libarchive13:amd64.
Preparing to unpack .../02-libarchive13_3.6.2-1+deb12u3_amd64.deb ...
Unpacking libarchive13:amd64 (3.6.2-1+deb12u3) ...
Selecting previously unselected package libarchive-dev:amd64.
Preparing to unpack .../03-libarchive-dev_3.6.2-1+deb12u3_amd64.deb ...
Unpacking libarchive-dev:amd64 (3.6.2-1+deb12u3) ...
Selecting previously unselected package libpixman-1-0:amd64.
Preparing to unpack .../04-libpixman-1-0_0.42.2-1_amd64.deb ...
Unpacking libpixman-1-0:amd64 (0.42.2-1) ...
Selecting previously unselected package libxcb-render0:amd64.
Preparing to unpack .../05-libxcb-render0_1.15-1_amd64.deb ...
Unpacking libxcb-render0:amd64 (1.15-1) ...
Selecting previously unselected package libxcb-shm0:amd64.
Preparing to unpack .../06-libxcb-shm0_1.15-1_amd64.deb ...
Unpacking libxcb-shm0:amd64 (1.15-1) ...
Selecting previously unselected package libxrender1:amd64.
Preparing to unpack .../07-libxrender1_1%3a0.9.10-1.1_amd64.deb ...
Unpacking libxrender1:amd64 (1:0.9.10-1.1) ...
Selecting previously unselected package libcairo2:amd64.
Preparing to unpack .../08-libcairo2_1.16.0-7_amd64.deb ...
Unpacking libcairo2:amd64 (1.16.0-7) ...
Selecting previously unselected package libnspr4:amd64.
Preparing to unpack .../09-libnspr4_2%3a4.35-1_amd64.deb ...
Unpacking libnspr4:amd64 (2:4.35-1) ...
Selecting previously unselected package libnss3:amd64.
Preparing to unpack .../10-libnss3_2%3a3.87.1-1+deb12u1_amd64.deb ...
Unpacking libnss3:amd64 (2:3.87.1-1+deb12u1) ...
Selecting previously unselected package nss-plugin-pem:amd64.
Preparing to unpack .../11-nss-plugin-pem_1.0.8+1-1_amd64.deb ...
Unpacking nss-plugin-pem:amd64 (1.0.8+1-1) ...
Selecting previously unselected package libcurl3-nss:amd64.
Preparing to unpack .../12-libcurl3-nss_7.88.1-10+deb12u14_amd64.deb ...
Unpacking libcurl3-nss:amd64 (7.88.1-10+deb12u14) ...
Selecting previously unselected package libcurl4-nss-dev:amd64.
Preparing to unpack .../13-libcurl4-nss-dev_7.88.1-10+deb12u14_amd64.deb ...
Unpacking libcurl4-nss-dev:amd64 (7.88.1-10+deb12u14) ...
Selecting previously unselected package libdatrie1:amd64.
Preparing to unpack .../14-libdatrie1_0.2.13-2+b1_amd64.deb ...
Unpacking libdatrie1:amd64 (0.2.13-2+b1) ...
Selecting previously unselected package libdrm-common.
Preparing to unpack .../15-libdrm-common_2.4.114-1_all.deb ...
Unpacking libdrm-common (2.4.114-1) ...
Selecting previously unselected package libdrm2:amd64.
Preparing to unpack .../16-libdrm2_2.4.114-1+b1_amd64.deb ...
Unpacking libdrm2:amd64 (2.4.114-1+b1) ...
Selecting previously unselected package libdrm-amdgpu1:amd64.
Preparing to unpack .../17-libdrm-amdgpu1_2.4.114-1+b1_amd64.deb ...
Unpacking libdrm-amdgpu1:amd64 (2.4.114-1+b1) ...
Selecting previously unselected package libpciaccess0:amd64.
Preparing to unpack .../18-libpciaccess0_0.17-2_amd64.deb ...
Unpacking libpciaccess0:amd64 (0.17-2) ...
Selecting previously unselected package libdrm-intel1:amd64.
Preparing to unpack .../19-libdrm-intel1_2.4.114-1+b1_amd64.deb ...
Unpacking libdrm-intel1:amd64 (2.4.114-1+b1) ...
Selecting previously unselected package libdrm-nouveau2:amd64.
Preparing to unpack .../20-libdrm-nouveau2_2.4.114-1+b1_amd64.deb ...
Unpacking libdrm-nouveau2:amd64 (2.4.114-1+b1) ...
Selecting previously unselected package libdrm-radeon1:amd64.
Preparing to unpack .../21-libdrm-radeon1_2.4.114-1+b1_amd64.deb ...
Unpacking libdrm-radeon1:amd64 (2.4.114-1+b1) ...
Selecting previously unselected package libfribidi0:amd64.
Preparing to unpack .../22-libfribidi0_1.0.8-2.1_amd64.deb ...
Unpacking libfribidi0:amd64 (1.0.8-2.1) ...
Selecting previously unselected package libgif7:amd64.
Preparing to unpack .../23-libgif7_5.2.1-2.5_amd64.deb ...
Unpacking libgif7:amd64 (5.2.1-2.5) ...
Selecting previously unselected package libglvnd0:amd64.
Preparing to unpack .../24-libglvnd0_1.6.0-1_amd64.deb ...
Unpacking libglvnd0:amd64 (1.6.0-1) ...
Selecting previously unselected package libglapi-mesa:amd64.
Preparing to unpack .../25-libglapi-mesa_22.3.6-1+deb12u1_amd64.deb ...
Unpacking libglapi-mesa:amd64 (22.3.6-1+deb12u1) ...
Selecting previously unselected package libx11-xcb1:amd64.
Preparing to unpack .../26-libx11-xcb1_2%3a1.8.4-2+deb12u2_amd64.deb ...
Unpacking libx11-xcb1:amd64 (2:1.8.4-2+deb12u2) ...
Selecting previously unselected package libxcb-dri2-0:amd64.
Preparing to unpack .../27-libxcb-dri2-0_1.15-1_amd64.deb ...
Unpacking libxcb-dri2-0:amd64 (1.15-1) ...
Selecting previously unselected package libxcb-dri3-0:amd64.
Preparing to unpack .../28-libxcb-dri3-0_1.15-1_amd64.deb ...
Unpacking libxcb-dri3-0:amd64 (1.15-1) ...
Selecting previously unselected package libxcb-glx0:amd64.
Preparing to unpack .../29-libxcb-glx0_1.15-1_amd64.deb ...
Unpacking libxcb-glx0:amd64 (1.15-1) ...
Selecting previously unselected package libxcb-present0:amd64.
Preparing to unpack .../30-libxcb-present0_1.15-1_amd64.deb ...
Unpacking libxcb-present0:amd64 (1.15-1) ...
Selecting previously unselected package libxcb-randr0:amd64.
Preparing to unpack .../31-libxcb-randr0_1.15-1_amd64.deb ...
Unpacking libxcb-randr0:amd64 (1.15-1) ...
Selecting previously unselected package libxcb-sync1:amd64.
Preparing to unpack .../32-libxcb-sync1_1.15-1_amd64.deb ...
Unpacking libxcb-sync1:amd64 (1.15-1) ...
Selecting previously unselected package libxcb-xfixes0:amd64.
Preparing to unpack .../33-libxcb-xfixes0_1.15-1_amd64.deb ...
Unpacking libxcb-xfixes0:amd64 (1.15-1) ...
Selecting previously unselected package libxfixes3:amd64.
Preparing to unpack .../34-libxfixes3_1%3a6.0.0-2_amd64.deb ...
Unpacking libxfixes3:amd64 (1:6.0.0-2) ...
Selecting previously unselected package libxshmfence1:amd64.
Preparing to unpack .../35-libxshmfence1_1.3-1_amd64.deb ...
Unpacking libxshmfence1:amd64 (1.3-1) ...
Selecting previously unselected package libxxf86vm1:amd64.
Preparing to unpack .../36-libxxf86vm1_1%3a1.1.4-1+b2_amd64.deb ...
Unpacking libxxf86vm1:amd64 (1:1.1.4-1+b2) ...
Selecting previously unselected package libz3-4:amd64.
Preparing to unpack .../37-libz3-4_4.8.12-3.1_amd64.deb ...
Unpacking libz3-4:amd64 (4.8.12-3.1) ...
Selecting previously unselected package libllvm15:amd64.
Preparing to unpack .../38-libllvm15_1%3a15.0.6-4+b1_amd64.deb ...
Unpacking libllvm15:amd64 (1:15.0.6-4+b1) ...
Selecting previously unselected package libsensors-config.
Preparing to unpack .../39-libsensors-config_1%3a3.6.0-7.1_all.deb ...
Unpacking libsensors-config (1:3.6.0-7.1) ...
Selecting previously unselected package libsensors5:amd64.
Preparing to unpack .../40-libsensors5_1%3a3.6.0-7.1_amd64.deb ...
Unpacking libsensors5:amd64 (1:3.6.0-7.1) ...
Selecting previously unselected package libgl1-mesa-dri:amd64.
Preparing to unpack .../41-libgl1-mesa-dri_22.3.6-1+deb12u1_amd64.deb ...
Unpacking libgl1-mesa-dri:amd64 (22.3.6-1+deb12u1) ...
Selecting previously unselected package libglx-mesa0:amd64.
Preparing to unpack .../42-libglx-mesa0_22.3.6-1+deb12u1_amd64.deb ...
Unpacking libglx-mesa0:amd64 (22.3.6-1+deb12u1) ...
Selecting previously unselected package libglx0:amd64.
Preparing to unpack .../43-libglx0_1.6.0-1_amd64.deb ...
Unpacking libglx0:amd64 (1.6.0-1) ...
Selecting previously unselected package libgl1:amd64.
Preparing to unpack .../44-libgl1_1.6.0-1_amd64.deb ...
Unpacking libgl1:amd64 (1.6.0-1) ...
Selecting previously unselected package libgraphite2-3:amd64.
Preparing to unpack .../45-libgraphite2-3_1.3.14-1_amd64.deb ...
Unpacking libgraphite2-3:amd64 (1.3.14-1) ...
Selecting previously unselected package libharfbuzz0b:amd64.
Preparing to unpack .../46-libharfbuzz0b_6.0.0+dfsg-3_amd64.deb ...
Unpacking libharfbuzz0b:amd64 (6.0.0+dfsg-3) ...
Selecting previously unselected package liblcms2-2:amd64.
Preparing to unpack .../47-liblcms2-2_2.14-2_amd64.deb ...
Unpacking liblcms2-2:amd64 (2.14-2) ...
Selecting previously unselected package libopenjp2-7:amd64.
Preparing to unpack .../48-libopenjp2-7_2.5.0-2+deb12u2_amd64.deb ...
Unpacking libopenjp2-7:amd64 (2.5.0-2+deb12u2) ...
Selecting previously unselected package libwebpmux3:amd64.
Preparing to unpack .../49-libwebpmux3_1.2.4-0.2+deb12u1_amd64.deb ...
Unpacking libwebpmux3:amd64 (1.2.4-0.2+deb12u1) ...
Selecting previously unselected package liblept5:amd64.
Preparing to unpack .../50-liblept5_1.82.0-3+b3_amd64.deb ...
Unpacking liblept5:amd64 (1.82.0-3+b3) ...
Selecting previously unselected package libleptonica-dev.
Preparing to unpack .../51-libleptonica-dev_1.82.0-3+b3_amd64.deb ...
Unpacking libleptonica-dev (1.82.0-3+b3) ...
Selecting previously unselected package libthai-data.
Preparing to unpack .../52-libthai-data_0.1.29-1_all.deb ...
Unpacking libthai-data (0.1.29-1) ...
Selecting previously unselected package libthai0:amd64.
Preparing to unpack .../53-libthai0_0.1.29-1_amd64.deb ...
Unpacking libthai0:amd64 (0.1.29-1) ...
Selecting previously unselected package libpango-1.0-0:amd64.
Preparing to unpack .../54-libpango-1.0-0_1.50.12+ds-1_amd64.deb ...
Unpacking libpango-1.0-0:amd64 (1.50.12+ds-1) ...
Selecting previously unselected package libpangoft2-1.0-0:amd64.
Preparing to unpack .../55-libpangoft2-1.0-0_1.50.12+ds-1_amd64.deb ...
Unpacking libpangoft2-1.0-0:amd64 (1.50.12+ds-1) ...
Selecting previously unselected package libpangocairo-1.0-0:amd64.
Preparing to unpack .../56-libpangocairo-1.0-0_1.50.12+ds-1_amd64.deb ...
Unpacking libpangocairo-1.0-0:amd64 (1.50.12+ds-1) ...
Selecting previously unselected package libpoppler126:amd64.
Preparing to unpack .../57-libpoppler126_22.12.0-2+deb12u1_amd64.deb ...
Unpacking libpoppler126:amd64 (22.12.0-2+deb12u1) ...
Selecting previously unselected package libtesseract5:amd64.
Preparing to unpack .../58-libtesseract5_5.3.0-2_amd64.deb ...
Unpacking libtesseract5:amd64 (5.3.0-2) ...
Selecting previously unselected package libtesseract-dev:amd64.
Preparing to unpack .../59-libtesseract-dev_5.3.0-2_amd64.deb ...
Unpacking libtesseract-dev:amd64 (5.3.0-2) ...
Selecting previously unselected package poppler-utils.
Preparing to unpack .../60-poppler-utils_22.12.0-2+deb12u1_amd64.deb ...
Unpacking poppler-utils (22.12.0-2+deb12u1) ...
Selecting previously unselected package tesseract-ocr-eng.
Preparing to unpack .../61-tesseract-ocr-eng_1%3a4.1.0-2_all.deb ...
Unpacking tesseract-ocr-eng (1:4.1.0-2) ...
Selecting previously unselected package tesseract-ocr-osd.
Preparing to unpack .../62-tesseract-ocr-osd_1%3a4.1.0-2_all.deb ...
Unpacking tesseract-ocr-osd (1:4.1.0-2) ...
Selecting previously unselected package tesseract-ocr.
Preparing to unpack .../63-tesseract-ocr_5.3.0-2_amd64.deb ...
Unpacking tesseract-ocr (5.3.0-2) ...
Setting up libgraphite2-3:amd64 (1.3.14-1) ...
Setting up libxcb-dri3-0:amd64 (1.15-1) ...
Setting up liblcms2-2:amd64 (2.14-2) ...
Setting up libpixman-1-0:amd64 (0.42.2-1) ...
Setting up libx11-xcb1:amd64 (2:1.8.4-2+deb12u2) ...
Setting up libpciaccess0:amd64 (0.17-2) ...
Setting up fontconfig (2.14.1-4) ...
Regenerating fonts cache... [2026-01-15 08:08:59.525594] done.
Setting up libxcb-xfixes0:amd64 (1.15-1) ...
Setting up libxrender1:amd64 (1:0.9.10-1.1) ...
Setting up libdatrie1:amd64 (0.2.13-2+b1) ...
Setting up libarchive13:amd64 (3.6.2-1+deb12u3) ...
Setting up libxcb-render0:amd64 (1.15-1) ...
Setting up libglvnd0:amd64 (1.6.0-1) ...
Setting up libxcb-glx0:amd64 (1.15-1) ...
Setting up libsensors-config (1:3.6.0-7.1) ...
Setting up tesseract-ocr-eng (1:4.1.0-2) ...
Setting up libxcb-shm0:amd64 (1.15-1) ...
Setting up libcairo2:amd64 (1.16.0-7) ...
Setting up libxxf86vm1:amd64 (1:1.1.4-1+b2) ...
Setting up poppler-data (0.4.12-1) ...
Setting up libxcb-present0:amd64 (1.15-1) ...
Setting up libz3-4:amd64 (4.8.12-3.1) ...
Setting up libnspr4:amd64 (2:4.35-1) ...
Setting up libxfixes3:amd64 (1:6.0.0-2) ...
Setting up libxcb-sync1:amd64 (1.15-1) ...
Setting up libfribidi0:amd64 (1.0.8-2.1) ...
Setting up libsensors5:amd64 (1:3.6.0-7.1) ...
Setting up libglapi-mesa:amd64 (22.3.6-1+deb12u1) ...
Setting up libxcb-dri2-0:amd64 (1.15-1) ...
Setting up libgif7:amd64 (5.2.1-2.5) ...
Setting up libxshmfence1:amd64 (1.3-1) ...
Setting up libarchive-dev:amd64 (3.6.2-1+deb12u3) ...
Setting up libxcb-randr0:amd64 (1.15-1) ...
Setting up libllvm15:amd64 (1:15.0.6-4+b1) ...
Setting up libopenjp2-7:amd64 (2.5.0-2+deb12u2) ...
Setting up libharfbuzz0b:amd64 (6.0.0+dfsg-3) ...
Setting up libthai-data (0.1.29-1) ...
Setting up tesseract-ocr-osd (1:4.1.0-2) ...
Setting up libwebpmux3:amd64 (1.2.4-0.2+deb12u1) ...
Setting up libdrm-common (2.4.114-1) ...
Setting up libnss3:amd64 (2:3.87.1-1+deb12u1) ...
Setting up liblept5:amd64 (1.82.0-3+b3) ...
Setting up libthai0:amd64 (0.1.29-1) ...
Setting up libleptonica-dev (1.82.0-3+b3) ...
Setting up libpoppler126:amd64 (22.12.0-2+deb12u1) ...
Setting up libdrm2:amd64 (2.4.114-1+b1) ...
Setting up libtesseract5:amd64 (5.3.0-2) ...
Setting up poppler-utils (22.12.0-2+deb12u1) ...
Setting up libdrm-amdgpu1:amd64 (2.4.114-1+b1) ...
Setting up libdrm-nouveau2:amd64 (2.4.114-1+b1) ...
Setting up libdrm-radeon1:amd64 (2.4.114-1+b1) ...
Setting up libpango-1.0-0:amd64 (1.50.12+ds-1) ...
Setting up libdrm-intel1:amd64 (2.4.114-1+b1) ...
Setting up libgl1-mesa-dri:amd64 (22.3.6-1+deb12u1) ...
Setting up nss-plugin-pem:amd64 (1.0.8+1-1) ...
Setting up libcurl3-nss:amd64 (7.88.1-10+deb12u14) ...
Setting up libcurl4-nss-dev:amd64 (7.88.1-10+deb12u14) ...
Setting up libpangoft2-1.0-0:amd64 (1.50.12+ds-1) ...
Setting up libpangocairo-1.0-0:amd64 (1.50.12+ds-1) ...
Setting up libtesseract-dev:amd64 (5.3.0-2) ...
Setting up libglx-mesa0:amd64 (22.3.6-1+deb12u1) ...
Setting up libglx0:amd64 (1.6.0-1) ...
Setting up libgl1:amd64 (1.6.0-1) ...
Setting up tesseract-ocr (5.3.0-2) ...
Processing triggers for libc-bin (2.36-9+deb12u13) ...

â”€â”€â”€â”€â”€â”€â”€â”€â”€â”€â”€â”€â”€â”€â”€â”€â”€â”€â”€â”€â”€â”€â”€â”€â”€â”€â”€â”€â”€â”€â”€â”€â”€â”€â”€â”€â”€â”€â”€â”€ uv â”€â”€â”€â”€â”€â”€â”€â”€â”€â”€â”€â”€â”€â”€â”€â”€â”€â”€â”€â”€â”€â”€â”€â”€â”€â”€â”€â”€â”€â”€â”€â”€â”€â”€â”€â”€â”€â”€â”€â”€â”€â”€â”€

Using uv pip install.
Using Python 3.11.14 environment at /home/adminuser/venv
error: Failed to read `--find-links` URL: https://data.pyg.org/whl/torch-2.9.1+cpu.html
  Caused by: Failed to fetch: `https://data.pyg.org/whl/torch-2.9.1+cpu.html`
  Caused by: HTTP status client error (403 Forbidden) for url (https://data.pyg.org/whl/torch-2.9.1+cpu.html)
Checking if Streamlit is installed
Installing rich for an improved exception logging
Using uv pip install.
Using Python 3.11.14 environment at /home/adminuser/venv
Resolved 4 packages in 131ms
Prepared 4 packages in 123ms
Installed 4 packages in 14ms
 + markdown-it-py==4.0.0
 + mdurl==0.1.2[2026-01-15 08:09:01.067278] 
 + pygments==2.19.2
 + rich==14.2.0

â”€â”€â”€â”€â”€â”€â”€â”€â”€â”€â”€â”€â”€â”€â”€â”€â”€â”€â”€â”€â”€â”€â”€â”€â”€â”€â”€â”€â”€â”€â”€â”€â”€â”€â”€â”€â”€â”€â”€â”€â”€â”€â”€â”€â”€â”€â”€â”€â”€â”€â”€â”€â”€â”€â”€â”€â”€â”€â”€â”€â”€â”€â”€â”€â”€â”€â”€â”€â”€â”€â”€â”€â”€â”€â”€â”€â”€â”€â”€â”€â”€â”€â”€â”€â”€â”€â”€â”€


â”€â”€â”€â”€â”€â”€â”€â”€â”€â”€â”€â”€â”€â”€â”€â”€â”€â”€â”€â”€â”€â”€â”€â”€â”€â”€â”€â”€â”€â”€â”€â”€â”€â”€â”€â”€â”€â”€â”€â”€ pip â”€â”€â”€â”€â”€â”€â”€â”€â”€â”€â”€â”€â”€â”€â”€â”€â”€â”€â”€â”€â”€â”€â”€â”€â”€â”€â”€â”€â”€â”€â”€â”€â”€â”€â”€â”€â”€â”€â”€â”€â”€â”€â”€

Using standard pip install.
Looking in indexes: https://pypi.org/simple, https://download.pytorch.org/whl/cpu
Looking in links: https://data.pyg.org/whl/torch-2.9.1+cpu.html
Collecting streamlit==1.53.0 (from -r /mount/src/blank-app/requirements.txt (line 1))
  Downloading streamlit-1.53.0-py3-none-any.whl.metadata (10 kB)
Collecting torch==2.9.1+cpu (from -r /mount/src/blank-app/requirements.txt (line 3))
  Downloading https://download.pytorch.org/whl/cpu/torch-2.9.1%2Bcpu-cp311-cp311-manylinux_2_28_x86_64.whl.metadata (29 kB)
Collecting torchvision==0.20.1+cpu (from -r /mount/src/blank-app/requirements.txt (line 4))
  Downloading https://download.pytorch.org/whl/cpu/torchvision-0.20.1%2Bcpu-cp311-cp311-linux_x86_64.whl (1.8 MB)
     â”â”â”â”â”â”â”â”â”â”â”â”â”â”â”â”â”â”â”â”â”â”â”â”â”â”â”â”â”â”â”â”â”â”â”â”â”â”â”â” 1.8/1.8 MB 9.9 MB/s eta 0:00:00[2026-01-15 08:09:05.011635] 
Collecting torchaudio==2.9.1+cpu (from -r /mount/src/blank-app/requirements.txt (line 5))
  Downloading https://download.pytorch.org/whl/cpu/torchaudio-2.9.1%2Bcpu-cp311-cp311-manylinux_2_28_x86_64.whl.metadata (6.9 kB)
Collecting torch-scatter==2.1.2 (from -r /mount/src/blank-app/requirements.txt (line 10))
  Downloading torch_scatter-2.1.2.tar.gz (108 kB)
     â”â”â”â”â”â”â”â”â”â”â”â”â”â”â”â”â”â”â”â”â”â”â”â”â”â”â”â”â”â”â”â”â”â”â”â”â”â”â” 108.0/108.0 kB 5.9 MB/s eta 0:00:00[2026-01-15 08:09:05.692109] 
  Installing build dependencies: started
  Installing build dependencies: finished with status 'done'
  Getting requirements to build wheel: started
  Getting requirements to build wheel: finished with status 'error'
  error: subprocess-exited-with-error
  
  Ã— Getting requirements to build wheel did not run successfully.
  â”‚ exit code: 1
  â•°â”€> [20 lines of output]
      Traceback (most recent call last):
        File "/home/adminuser/venv/lib/python3.11/site-packages/pip/_vendor/pyproject_hooks/_in_process/_in_process.py", line 353, in <module>
          main()
        File "/home/adminuser/venv/lib/python3.11/site-packages/pip/_vendor/pyproject_hooks/_in_process/_in_process.py", line 335, in main
          json_out['return_val'] = hook(**hook_input['kwargs'])
                                   ^^^^^^^^^^^^^^^^^^^^^^^^^^^^
        File "/home/adminuser/venv/lib/python3.11/site-packages/pip/_vendor/pyproject_hooks/_in_process/_in_process.py", line 118, in get_requires_for_build_wheel
          return hook(config_settings)
                 ^^^^^^^^^^^^^^^^^^^^^
        File "/tmp/pip-build-env-6f3j8q2f/overlay/lib/python3.11/site-packages/setuptools/build_meta.py", line 331, in get_requires_for_build_wheel
          return self._get_build_requires(config_settings, requirements=[])
                 ^^^^^^^^^^^^^^^^^^^^^^^^^^^^^^^^^^^^^^^^^^^^^^^^^^^^^^^^^^
        File "/tmp/pip-build-env-6f3j8q2f/overlay/lib/python3.11/site-packages/setuptools/build_meta.py", line 301, in _get_build_requires
          self.run_setup()
        File "/tmp/pip-build-env-6f3j8q2f/overlay/lib/python3.11/site-packages/setuptools/build_meta.py", line 512, in run_setup
          super().run_setup(setup_script=setup_script)
        File "/tmp/pip-build-env-6f3j8q2f/overlay/lib/python3.11/site-packages/setuptools/build_meta.py", line 317, in run_setup
          exec(code, locals())
        File "<string>", line 8, in <module>
      ModuleNotFoundError: No module named 'torch'
      [end of output]
  
  note: This error originates from a subprocess, and is likely not a problem with pip.
error: subprocess-exited-with-error

Ã— Getting requirements to build wheel did not run successfully.
â”‚ exit code: 1
â•°â”€> See above for output.

note: This error originates from a subprocess, and is likely not a problem with pip.

[notice] A new release of pip is available: 24.0 -> 25.3
[notice] To update, run: pip install --upgrade pip
Checking if Streamlit is installed
Installing rich for an improved exception logging
Using standard pip install.
Collecting rich>=10.14.0
  Downloading rich-14.2.0-py3-none-any.whl.metadata (18 kB)
Collecting markdown-it-py>=2.2.0 (from rich>=10.14.0)
  Downloading markdown_it_py-4.0.0-py3-none-any.whl.metadata (7.3 kB)
Collecting pygments<3.0.0,>=2.13.0 (from rich>=10.14.0)
  Downloading pygments-2.19.2-py3-none-any.whl.metadata (2.5 kB)
Collecting mdurl~=0.1 (from markdown-it-py>=2.2.0->rich>=10.14.0)
  Downloading mdurl-0.1.2-py3-none-any.whl.metadata (1.6 kB)
Downloading rich-14.2.0-py3-none-any.whl (243 kB)
   â”â”â”â”â”â”â”â”â”â”â”â”â”â”â”â”â”â”â”â”â”â”â”â”â”â”â”â”â”â”â”â”â”â”â”â”â”â”â”â” 243.4/243.4 kB 12.6 MB/s eta 0:00:00[2026-01-15 08:09:10.226955] 
Downloading markdown_it_py-4.0.0-py3-none-any.whl (87 kB)
   â”â”â”â”â”â”â”â”â”â”â”â”â”â”â”â”â”â”â”â”â”â”â”â”â”â”â”â”â”â”â”â”â”â”â”â”â”â”â”â” 87.3/87.3 kB 112.9 MB/s eta 0:00:00[2026-01-15 08:09:10.239387] 
Downloading pygments-2.19.2-py3-none-any.whl (1.2 MB)
   â”â”â”â”â”â”â”â”â”â”â”â”â”â”â”â”â”â”â”â”â”â”â”â”â”â”â”â”â”â”â”â”â”â”â”â”â”â”â”â” 1.2/1.2 MB 82.0 MB/s eta 0:00:00[2026-01-15 08:09:10.266193] 
Downloading mdurl-0.1.2-py3-none-any.whl (10.0 kB)
Installing collected packages: pygments, mdurl, markdown-it-py, rich
  Attempting uninstall: pygments
    Found existing installation: Pygments 2.19.2
    Uninstalling Pygments-2.19.2:
      Successfully uninstalled Pygments-2.19.2
  Attempting uninstall: mdurl
    Found existing installation: mdurl 0.1.2
    Uninstalling mdurl-0.1.2:
      Successfully uninstalled mdurl-0.1.2
  Attempting uninstall: markdown-it-py
    Found existing installation: markdown-it-py 4.0.0
    Uninstalling markdown-it-py-4.0.0:
      Successfully uninstalled markdown-it-py-4.0.0
  Attempting uninstall: rich
    Found existing installation: rich 14.2.0
    Uninstalling rich-14.2.0:
      Successfully uninstalled rich-14.2.0
Successfully installed markdown-it-py-4.0.0 mdurl-0.1.2 pygments-2.19.2 rich-14.2.0

[notice] A new release of pip is available: 24.0 -> 25.3
[notice] To update, run: pip install --upgrade pip

â”€â”€â”€â”€â”€â”€â”€â”€â”€â”€â”€â”€â”€â”€â”€â”€â”€â”€â”€â”€â”€â”€â”€â”€â”€â”€â”€â”€â”€â”€â”€â”€â”€â”€â”€â”€â”€â”€â”€â”€â”€â”€â”€â”€â”€â”€â”€â”€â”€â”€â”€â”€â”€â”€â”€â”€â”€â”€â”€â”€â”€â”€â”€â”€â”€â”€â”€â”€â”€â”€â”€â”€â”€â”€â”€â”€â”€â”€â”€â”€â”€â”€â”€â”€â”€â”€â”€â”€

[08:09:12] â—ï¸ installer returned a non-zero exit code
[08:09:12] â—ï¸ Error during processing dependencies! Please fix the error and push an update, or try restarting the app.
[08:10:48] ğŸ™ Pulling code changes from Github...
[08:10:49] ğŸ“¦ Processing dependencies...
[08:10:49] ğŸ“¦ Apt dependencies were installed from /mount/src/blank-app/packages.txt using apt-get.

â”€â”€â”€â”€â”€â”€â”€â”€â”€â”€â”€â”€â”€â”€â”€â”€â”€â”€â”€â”€â”€â”€â”€â”€â”€â”€â”€â”€â”€â”€â”€â”€â”€â”€â”€â”€â”€â”€â”€â”€ uv â”€â”€â”€â”€â”€â”€â”€â”€â”€â”€â”€â”€â”€â”€â”€â”€â”€â”€â”€â”€â”€â”€â”€â”€â”€â”€â”€â”€â”€â”€â”€â”€â”€â”€â”€â”€â”€â”€â”€â”€â”€â”€â”€

Using uv pip install.
Using Python 3.11.14 environment at /home/adminuser/venv
  Ã— No solution found when resolving dependencies:
  â•°â”€â–¶ Because torchvision==0.20.1+cpu depends on torch==2.5.1 and you
      require torch==2.9.1+cpu, we can conclude that your requirements and
      torchvision==0.20.1+cpu are incompatible.
      And because you require torchvision==0.20.1+cpu, we can conclude that
      your requirements are unsatisfiable.
Checking if Streamlit is installed
Installing rich for an improved exception logging
Using uv pip install.
Using Python 3.11.14 environment at /home/adminuser/venv
Audited 1 package in 1ms

â”€â”€â”€â”€â”€â”€â”€â”€â”€â”€â”€â”€â”€â”€â”€â”€â”€â”€â”€â”€â”€â”€â”€â”€â”€â”€â”€â”€â”€â”€â”€â”€â”€â”€â”€â”€â”€â”€â”€â”€â”€â”€â”€â”€â”€â”€â”€â”€â”€â”€â”€â”€â”€â”€â”€â”€â”€â”€â”€â”€â”€â”€â”€â”€â”€â”€â”€â”€â”€â”€â”€â”€â”€â”€â”€â”€â”€â”€â”€â”€â”€â”€â”€â”€â”€â”€â”€â”€


â”€â”€â”€â”€â”€â”€â”€â”€â”€â”€â”€â”€â”€â”€â”€â”€â”€â”€â”€â”€â”€â”€â”€â”€â”€â”€â”€â”€â”€â”€â”€â”€â”€â”€â”€â”€â”€â”€â”€â”€ pip â”€â”€â”€â”€â”€â”€â”€â”€â”€â”€â”€â”€â”€â”€â”€â”€â”€â”€â”€â”€â”€â”€â”€â”€â”€â”€â”€â”€â”€â”€â”€â”€â”€â”€â”€â”€â”€â”€â”€â”€â”€â”€â”€

Using standard pip install.
Looking in indexes: https://pypi.org/simple, https://download.pytorch.org/whl/cpu
Collecting streamlit==1.53.0 (from -r /mount/src/blank-app/requirements.txt (line 1))
  Downloading streamlit-1.53.0-py3-none-any.whl.metadata (10 kB)
Collecting torch==2.9.1+cpu (from -r /mount/src/blank-app/requirements.txt (line 3))
  Downloading https://download.pytorch.org/whl/cpu/torch-2.9.1%2Bcpu-cp311-cp311-manylinux_2_28_x86_64.whl.metadata (29 kB)
Collecting torchvision==0.20.1+cpu (from -r /mount/src/blank-app/requirements.txt (line 4))
  Downloading https://download.pytorch.org/whl/cpu/torchvision-0.20.1%2Bcpu-cp311-cp311-linux_x86_64.whl (1.8 MB)
     â”â”â”â”â”â”â”â”â”â”â”â”â”â”â”â”â”â”â”â”â”â”â”â”â”â”â”â”â”â”â”â”â”â”â”â”â”â”â”â” 1.8/1.8 MB 49.2 MB/s eta 0:00:00[2026-01-15 08:10:54.190103] 
Collecting torchaudio==2.9.1+cpu (from -r /mount/src/blank-app/requirements.txt (line 5))
  Downloading https://download.pytorch.org/whl/cpu/torchaudio-2.9.1%2Bcpu-cp311-cp311-manylinux_2_28_x86_64.whl.metadata (6.9 kB)
Collecting torch-scatter==2.1.2 (from -r /mount/src/blank-app/requirements.txt (line 9))
  Downloading torch_scatter-2.1.2.tar.gz (108 kB)
     â”â”â”â”â”â”â”â”â”â”â”â”â”â”â”â”â”â”â”â”â”â”â”â”â”â”â”â”â”â”â”â”â”â”â”â”â”â”â” 108.0/108.0 kB 6.3 MB/s eta 0:00:00[2026-01-15 08:10:54.870265] 
  Installing build dependencies: started
  Installing build dependencies: finished with status 'done'
  Getting requirements to build wheel: started
  Getting requirements to build wheel: finished with status 'error'
  error: subprocess-exited-with-error
  
  Ã— Getting requirements to build wheel did not run successfully.
  â”‚ exit code: 1
  â•°â”€> [20 lines of output]
      Traceback (most recent call last):
        File "/home/adminuser/venv/lib/python3.11/site-packages/pip/_vendor/pyproject_hooks/_in_process/_in_process.py", line 353, in <module>
          main()
        File "/home/adminuser/venv/lib/python3.11/site-packages/pip/_vendor/pyproject_hooks/_in_process/_in_process.py", line 335, in main
          json_out['return_val'] = hook(**hook_input['kwargs'])
                                   ^^^^^^^^^^^^^^^^^^^^^^^^^^^^
        File "/home/adminuser/venv/lib/python3.11/site-packages/pip/_vendor/pyproject_hooks/_in_process/_in_process.py", line 118, in get_requires_for_build_wheel
          return hook(config_settings)
                 ^^^^^^^^^^^^^^^^^^^^^
        File "/tmp/pip-build-env-qeaummj8/overlay/lib/python3.11/site-packages/setuptools/build_meta.py", line 331, in get_requires_for_build_wheel
          return self._get_build_requires(config_settings, requirements=[])
                 ^^^^^^^^^^^^^^^^^^^^^^^^^^^^^^^^^^^^^^^^^^^^^^^^^^^^^^^^^^
        File "/tmp/pip-build-env-qeaummj8/overlay/lib/python3.11/site-packages/setuptools/build_meta.py", line 301, in _get_build_requires
          self.run_setup()
        File "/tmp/pip-build-env-qeaummj8/overlay/lib/python3.11/site-packages/setuptools/build_meta.py", line 512, in run_setup
          super().run_setup(setup_script=setup_script)
        File "/tmp/pip-build-env-qeaummj8/overlay/lib/python3.11/site-packages/setuptools/build_meta.py", line 317, in run_setup
          exec(code, locals())
        File "<string>", line 8, in <module>
      ModuleNotFoundError: No module named 'torch'
      [end of output]
  
  note: This error originates from a subprocess, and is likely not a problem with pip.
error: subprocess-exited-with-error

Ã— Getting requirements to build wheel did not run successfully.
â”‚ exit code: 1
â•°â”€> See above for output.

note: This error originates from a subprocess, and is likely not a problem with pip.

[notice] A new release of pip is available: 24.0 -> 25.3
[notice] To update, run: pip install --upgrade pip
Checking if Streamlit is installed
Installing rich for an improved exception logging
Using standard pip install.
Collecting rich>=10.14.0
  Downloading rich-14.2.0-py3-none-any.whl.metadata (18 kB)
Collecting markdown-it-py>=2.2.0 (from rich>=10.14.0)
  Downloading markdown_it_py-4.0.0-py3-none-any.whl.metadata (7.3 kB)
Collecting pygments<3.0.0,>=2.13.0 (from rich>=10.14.0)
  Downloading pygments-2.19.2-py3-none-any.whl.metadata (2.5 kB)
Collecting mdurl~=0.1 (from markdown-it-py>=2.2.0->rich>=10.14.0)
  Downloading mdurl-0.1.2-py3-none-any.whl.metadata (1.6 kB)
Downloading rich-14.2.0-py3-none-any.whl (243 kB)
   â”â”â”â”â”â”â”â”â”â”â”â”â”â”â”â”â”â”â”â”â”â”â”â”â”â”â”â”â”â”â”â”â”â”â”â”â”â”â”â” 243.4/243.4 kB 13.3 MB/s eta 0:00:00[2026-01-15 08:10:58.755322] 
Downloading markdown_it_py-4.0.0-py3-none-any.whl (87 kB)
   â”â”â”â”â”â”â”â”â”â”â”â”â”â”â”â”â”â”â”â”â”â”â”â”â”â”â”â”â”â”â”â”â”â”â”â”â”â”â”â” 87.3/87.3 kB 134.1 MB/s eta 0:00:00[2026-01-15 08:10:58.769384] 
Downloading pygments-2.19.2-py3-none-any.whl (1.2 MB)
   â”â”â”â”â”â”â”â”â”â”â”â”â”â”â”â”â”â”â”â”â”â”â”â”â”â”â”â”â”â”â”â”â”â”â”â”â”â”â”â” 1.2/1.2 MB 64.1 MB/s eta 0:00:00[2026-01-15 08:10:58.802425] 
Downloading mdurl-0.1.2-py3-none-any.whl (10.0 kB)
Installing collected packages: pygments, mdurl, markdown-it-py, rich
  Attempting uninstall: pygments
    Found existing installation: Pygments 2.19.2
    Uninstalling Pygments-2.19.2:
      Successfully uninstalled Pygments-2.19.2
  Attempting uninstall: mdurl
    Found existing installation: mdurl 0.1.2
    Uninstalling mdurl-0.1.2:
      Successfully uninstalled mdurl-0.1.2
  Attempting uninstall: markdown-it-py
    Found existing installation: markdown-it-py 4.0.0
    Uninstalling markdown-it-py-4.0.0:
      Successfully uninstalled markdown-it-py-4.0.0
[08:11:00] ğŸ–¥ Provisioning machine...
[08:11:06] ğŸ› Preparing system...
[08:11:08] ğŸš€ Starting up repository: 'blank-app', branch: 'main', main module: 'streamlit_app.py'
[08:11:08] ğŸ™ Cloning repository...
[08:11:11] â›“ Spinning up manager process...
[08:11:30] ğŸ™ Cloning into '/mount/src/blank-app'...

[08:11:30] ğŸ™ Cloned repository!
[08:11:30] ğŸ™ Pulling code changes from Github...
[08:11:31] ğŸ“¦ Processing dependencies...
[08:11:31] ğŸ“¦ Apt dependencies were installed from /mount/src/blank-app/packages.txt using apt-get.
Get:1 http://deb.debian.org/debian bookworm InRelease [151 kB]
Get:2 http://deb.debian.org/debian bookworm-updates InRelease [55.4 kB]
Get:3 http://deb.debian.org/debian-security bookworm-security InRelease [48.0 kB]
Get:4 http://deb.debian.org/debian bookworm/main amd64 Packages [8792 kB]
Get:5 https://packages.microsoft.com/debian/11/prod bullseye InRelease [3650 B]
Get:6 http://deb.debian.org/debian-security bookworm-security/main amd64 Packages [291 kB]
Get:7 https://packages.microsoft.com/debian/11/prod bullseye/main arm64 Packages [64.4 kB]
Get:8 https://packages.microsoft.com/debian/11/prod bullseye/main amd64 Packages [220 kB]
Fetched 9625 kB in 1s (8610 kB/s)
Reading package lists...[2026-01-15 08:11:32.920930] 
Reading package lists...[2026-01-15 08:11:33.474447] 
Building dependency tree...[2026-01-15 08:11:33.646263] 
Reading state information...[2026-01-15 08:11:33.646622] 
The following additional packages will be installed:
  fontconfig libarchive-dev libarchive13 libcairo2 libcurl3-nss
  libcurl4-nss-dev libdatrie1 libdrm-amdgpu1 libdrm-common libdrm-intel1
  libdrm-nouveau2 libdrm-radeon1 libdrm2 libfribidi0 libgif7 libgl1-mesa-dri
  libglapi-mesa libglvnd0 libglx-mesa0 libglx0 libgraphite2-3 libharfbuzz0b
  liblcms2-2 liblept5 libleptonica-dev libllvm15 libnspr4 libnss3 libopenjp2-7
  libpango-1.0-0 libpangocairo-1.0-0 libpangoft2-1.0-0 libpciaccess0
  libpixman-1-0 libpoppler126 libsensors-config libsensors5 libtesseract5
  libthai-data libthai0 libwebpmux3 libx11-xcb1 libxcb-dri2-0 libxcb-dri3-0
  libxcb-glx0 libxcb-present0 libxcb-randr0 libxcb-render0 libxcb-shm0
  libxcb-sync1 libxcb-xfixes0 libxfixes3 libxrender1 libxshmfence1 libxxf86vm1
  libz3-4 nss-plugin-pem poppler-data tesseract-ocr-eng tesseract-ocr-osd
Suggested packages:
  lrzip libcurl4-doc libidn-dev libkrb5-dev libldap2-dev libnss3-dev
  librtmp-dev libssh2-1-dev pkg-config zlib1g-dev liblcms2-utils pciutils
  lm-sensors ghostscript fonts-japanese-mincho | fonts-ipafont-mincho
  fonts-japanese-gothic | fonts-ipafont-gothic fonts-arphic-ukai
  fonts-arphic-uming fonts-nanum
The following NEW packages will be installed:
  fontconfig libarchive-dev libarchive13 libcairo2 libcurl3-nss
  libcurl4-nss-dev libdatrie1 libdrm-amdgpu1 libdrm-common libdrm-intel1
  libdrm-nouveau2 libdrm-radeon1 libdrm2 libfribidi0 libgif7 libgl1
  libgl1-mesa-dri libglapi-mesa libglvnd0 libglx-mesa0 libglx0 libgraphite2-3
  libharfbuzz0b liblcms2-2 liblept5 libleptonica-dev libllvm15 libnspr4
  libnss3 libopenjp2-7 libpango-1.0-0 libpangocairo-1.0-0 libpangoft2-1.0-0
  libpciaccess0 libpixman-1-0 libpoppler126 libsensors-config libsensors5
  libtesseract-dev libtesseract5 libthai-data libthai0 libwebpmux3 libx11-xcb1
  libxcb-dri2-0 libxcb-dri3-0 libxcb-glx0 libxcb-present0 libxcb-randr0
  libxcb-render0 libxcb-shm0 libxcb-sync1 libxcb-xfixes0 libxfixes3
  libxrender1 libxshmfence1 libxxf86vm1 libz3-4 nss-plugin-pem poppler-data
  poppler-utils tesseract-ocr tesseract-ocr-eng tesseract-ocr-osd
0 upgraded, 64 newly installed, 0 to remove and 33 not upgraded.
Need to get 61.4 MB of archives.
After this operation, 247 MB of additional disk space will be used.
Get:1 http://deb.debian.org/debian bookworm/main amd64 poppler-data all 0.4.12-1 [1601 kB]
Get:2 http://deb.debian.org/debian bookworm/main amd64 fontconfig amd64 2.14.1-4 [449 kB]
Get:3 http://deb.debian.org/debian bookworm/main amd64 libarchive13 amd64 3.6.2-1+deb12u3 [343 kB]
Get:4 http://deb.debian.org/debian bookworm/main amd64 libarchive-dev amd64 3.6.2-1+deb12u3 [560 kB]
Get:5 http://deb.debian.org/debian bookworm/main amd64 libpixman-1-0 amd64 0.42.2-1 [546 kB]
Get:6 http://deb.debian.org/debian bookworm/main amd64 libxcb-render0 amd64 1.15-1 [115 kB]
Get:7 http://deb.debian.org/debian bookworm/main amd64 libxcb-shm0 amd64 1.15-1 [105 kB]
Get:8 http://deb.debian.org/debian bookworm/main amd64 libxrender1 amd64 1:0.9.10-1.1 [33.2 kB]
Get:9 http://deb.debian.org/debian bookworm/main amd64 libcairo2 amd64 1.16.0-7 [575 kB]
Get:10 http://deb.debian.org/debian bookworm/main amd64 libnspr4 amd64 2:4.35-1 [113 kB]
Get:11 http://deb.debian.org/debian bookworm/main amd64 libnss3 amd64 2:3.87.1-1+deb12u1 [1331 kB]
Get:12 http://deb.debian.org/debian bookworm/main amd64 nss-plugin-pem amd64 1.0.8+1-1 [54.6 kB]
Get:13 http://deb.debian.org/debian bookworm/main amd64 libcurl3-nss amd64 7.88.1-10+deb12u14 [395 kB]
Get:14 http://deb.debian.org/debian bookworm/main amd64 libcurl4-nss-dev amd64 7.88.1-10+deb12u14 [497 kB]
Get:15 http://deb.debian.org/debian bookworm/main amd64 libdatrie1 amd64 0.2.13-2+b1 [43.3 kB]
Get:16 http://deb.debian.org/debian bookworm/main amd64 libdrm-common all 2.4.114-1 [7112 B]
Get:17 http://deb.debian.org/debian bookworm/main amd64 libdrm2 amd64 2.4.114-1+b1 [37.5 kB]
Get:18 http://deb.debian.org/debian bookworm/main amd64 libdrm-amdgpu1 amd64 2.4.114-1+b1 [20.9 kB]
Get:19 http://deb.debian.org/debian bookworm/main amd64 libpciaccess0 amd64 0.17-2 [51.4 kB]
Get:20 http://deb.debian.org/debian bookworm/main amd64 libdrm-intel1 amd64 2.4.114-1+b1 [64.0 kB]
Get:21 http://deb.debian.org/debian bookworm/main amd64 libdrm-nouveau2 amd64 2.4.114-1+b1 [19.1 kB]
Get:22 http://deb.debian.org/debian bookworm/main amd64 libdrm-radeon1 amd64 2.4.114-1+b1 [21.8 kB]
Get:23 http://deb.debian.org/debian bookworm/main amd64 libfribidi0 amd64 1.0.8-2.1 [65.0 kB]
Get:24 http://deb.debian.org/debian bookworm/main amd64 libgif7 amd64 5.2.1-2.5 [46.9 kB]
Get:25 http://deb.debian.org/debian bookworm/main amd64 libglvnd0 amd64 1.6.0-1 [51.8 kB]
Get:26 http://deb.debian.org/debian bookworm/main amd64 libglapi-mesa amd64 22.3.6-1+deb12u1 [35.7 kB]
Get:27 http://deb.debian.org/debian bookworm/main amd64 libx11-xcb1 amd64 2:1.8.4-2+deb12u2 [192 kB]
Get:28 http://deb.debian.org/debian bookworm/main amd64 libxcb-dri2-0 amd64 1.15-1 [107 kB]
Get:29 http://deb.debian.org/debian bookworm/main amd64 libxcb-dri3-0 amd64 1.15-1 [107 kB]
Get:30 http://deb.debian.org/debian bookworm/main amd64 libxcb-glx0 amd64 1.15-1 [122 kB]
Get:31 http://deb.debian.org/debian bookworm/main amd64 libxcb-present0 amd64 1.15-1 [105 kB]
Get:32 http://deb.debian.org/debian bookworm/main amd64 libxcb-randr0 amd64 1.15-1 [117 kB]
Get:33 http://deb.debian.org/debian bookworm/main amd64 libxcb-sync1 amd64 1.15-1 [109 kB]
Get:34 http://deb.debian.org/debian bookworm/main amd64 libxcb-xfixes0 amd64 1.15-1 [109 kB]
Get:35 http://deb.debian.org/debian bookworm/main amd64 libxfixes3 amd64 1:6.0.0-2 [22.7 kB]
Get:36 http://deb.debian.org/debian bookworm/main amd64 libxshmfence1 amd64 1.3-1 [8820 B]
Get:37 http://deb.debian.org/debian bookworm/main amd64 libxxf86vm1 amd64 1:1.1.4-1+b2 [20.8 kB]
Get:38 http://deb.debian.org/debian bookworm/main amd64 libz3-4 amd64 4.8.12-3.1 [7216 kB]
Get:39 http://deb.debian.org/debian bookworm/main amd64 libllvm15 amd64 1:15.0.6-4+b1 [23.1 MB]
Get:40 http://deb.debian.org/debian bookworm/main amd64 libsensors-config all 1:3.6.0-7.1 [14.3 kB]
Get:41 http://deb.debian.org/debian bookworm/main amd64 libsensors5 amd64 1:3.6.0-7.1 [34.2 kB]
Get:42 http://deb.debian.org/debian bookworm/main amd64 libgl1-mesa-dri amd64 22.3.6-1+deb12u1 [7239 kB]
Get:43 http://deb.debian.org/debian bookworm/main amd64 libglx-mesa0 amd64 22.3.6-1+deb12u1 [147 kB]
Get:44 http://deb.debian.org/debian bookworm/main amd64 libglx0 amd64 1.6.0-1 [34.4 kB]
Get:45 http://deb.debian.org/debian bookworm/main amd64 libgl1 amd64 1.6.0-1 [88.4 kB]
Get:46 http://deb.debian.org/debian bookworm/main amd64 libgraphite2-3 amd64 1.3.14-1 [81.2 kB]
Get:47 http://deb.debian.org/debian bookworm/main amd64 libharfbuzz0b amd64 6.0.0+dfsg-3 [1945 kB]
Get:48 http://deb.debian.org/debian bookworm/main amd64 liblcms2-2 amd64 2.14-2 [154 kB]
Get:49 http://deb.debian.org/debian bookworm/main amd64 libopenjp2-7 amd64 2.5.0-2+deb12u2 [189 kB]
Get:50 http://deb.debian.org/debian bookworm/main amd64 libwebpmux3 amd64 1.2.4-0.2+deb12u1 [109 kB]
Get:51 http://deb.debian.org/debian bookworm/main amd64 liblept5 amd64 1.82.0-3+b3 [1050 kB]
Get:52 http://deb.debian.org/debian bookworm/main amd64 libleptonica-dev amd64 1.82.0-3+b3 [1466 kB]
Get:53 http://deb.debian.org/debian bookworm/main amd64 libthai-data all 0.1.29-1 [176 kB]
Get:54 http://deb.debian.org/debian bookworm/main amd64 libthai0 amd64 0.1.29-1 [57.5 kB]
Get:55 http://deb.debian.org/debian bookworm/main amd64 libpango-1.0-0 amd64 1.50.12+ds-1 [212 kB]
Get:56 http://deb.debian.org/debian bookworm/main amd64 libpangoft2-1.0-0 amd64 1.50.12+ds-1 [47.4 kB]
Get:57 http://deb.debian.org/debian bookworm/main amd64 libpangocairo-1.0-0 amd64 1.50.12+ds-1 [34.2 kB]
Get:58 http://deb.debian.org/debian bookworm/main amd64 libpoppler126 amd64 22.12.0-2+deb12u1 [1853 kB]
Get:59 http://deb.debian.org/debian bookworm/main amd64 libtesseract5 amd64 5.3.0-2 [1279 kB]
Get:60 http://deb.debian.org/debian bookworm/main amd64 libtesseract-dev amd64 5.3.0-2 [1495 kB]
Get:61 http://deb.debian.org/debian bookworm/main amd64 poppler-utils amd64 22.12.0-2+deb12u1 [191 kB]
Get:62 http://deb.debian.org/debian bookworm/main amd64 tesseract-ocr-eng all 1:4.1.0-2 [1594 kB]
Get:63 http://deb.debian.org/debian bookworm/main amd64 tesseract-ocr-osd all 1:4.1.0-2 [2992 kB]
Get:64 http://deb.debian.org/debian bookworm/main amd64 tesseract-ocr amd64 5.3.0-2 [402 kB]
debconf: delaying package configuration, since apt-utils is not installed
Fetched 61.4 MB in 1s (110 MB/s)
Selecting previously unselected package poppler-data.
(Reading database ... [2026-01-15 08:11:34.961722] (Reading database ... 5%(Reading database ... 10%(Reading database ... 15%(Reading database ... 20%(Reading database ... 25%(Reading database ... 30%(Reading database ... 35%(Reading database ... 40%(Reading database ... 45%(Reading database ... 50%(Reading database ... 55%(Reading database ... 60%(Reading database ... 65%[2026-01-15 08:11:34.964773] (Reading database ... 70%[2026-01-15 08:11:34.966210] (Reading database ... 75%[2026-01-15 08:11:34.968738] (Reading database ... 80%[2026-01-15 08:11:34.971094] (Reading database ... 85%[2026-01-15 08:11:34.972733] (Reading database ... 90%[2026-01-15 08:11:34.975534] (Reading database ... 95%[2026-01-15 08:11:34.977478] (Reading database ... 100%(Reading database ... 23146 files and directories currently installed.)
Preparing to unpack .../00-poppler-data_0.4.12-1_all.deb ...
Unpacking poppler-data (0.4.12-1) ...
Selecting previously unselected package fontconfig.
Preparing to unpack .../01-fontconfig_2.14.1-4_amd64.deb ...
Unpacking fontconfig (2.14.1-4) ...
Selecting previously unselected package libarchive13:amd64.
Preparing to unpack .../02-libarchive13_3.6.2-1+deb12u3_amd64.deb ...
Unpacking libarchive13:amd64 (3.6.2-1+deb12u3) ...
Selecting previously unselected package libarchive-dev:amd64.
Preparing to unpack .../03-libarchive-dev_3.6.2-1+deb12u3_amd64.deb ...
Unpacking libarchive-dev:amd64 (3.6.2-1+deb12u3) ...
Selecting previously unselected package libpixman-1-0:amd64.
Preparing to unpack .../04-libpixman-1-0_0.42.2-1_amd64.deb ...
Unpacking libpixman-1-0:amd64 (0.42.2-1) ...
Selecting previously unselected package libxcb-render0:amd64.
Preparing to unpack .../05-libxcb-render0_1.15-1_amd64.deb ...
Unpacking libxcb-render0:amd64 (1.15-1) ...
Selecting previously unselected package libxcb-shm0:amd64.
Preparing to unpack .../06-libxcb-shm0_1.15-1_amd64.deb ...
Unpacking libxcb-shm0:amd64 (1.15-1) ...
Selecting previously unselected package libxrender1:amd64.
Preparing to unpack .../07-libxrender1_1%3a0.9.10-1.1_amd64.deb ...
Unpacking libxrender1:amd64 (1:0.9.10-1.1) ...
Selecting previously unselected package libcairo2:amd64.
Preparing to unpack .../08-libcairo2_1.16.0-7_amd64.deb ...
Unpacking libcairo2:amd64 (1.16.0-7) ...
Selecting previously unselected package libnspr4:amd64.
Preparing to unpack .../09-libnspr4_2%3a4.35-1_amd64.deb ...
Unpacking libnspr4:amd64 (2:4.35-1) ...
Selecting previously unselected package libnss3:amd64.
Preparing to unpack .../10-libnss3_2%3a3.87.1-1+deb12u1_amd64.deb ...
Unpacking libnss3:amd64 (2:3.87.1-1+deb12u1) ...
Selecting previously unselected package nss-plugin-pem:amd64.
Preparing to unpack .../11-nss-plugin-pem_1.0.8+1-1_amd64.deb ...
Unpacking nss-plugin-pem:amd64 (1.0.8+1-1) ...
Selecting previously unselected package libcurl3-nss:amd64.
Preparing to unpack .../12-libcurl3-nss_7.88.1-10+deb12u14_amd64.deb ...
Unpacking libcurl3-nss:amd64 (7.88.1-10+deb12u14) ...
Selecting previously unselected package libcurl4-nss-dev:amd64.
Preparing to unpack .../13-libcurl4-nss-dev_7.88.1-10+deb12u14_amd64.deb ...[2026-01-15 08:11:36.006758] 
Unpacking libcurl4-nss-dev:amd64 (7.88.1-10+deb12u14) ...
Selecting previously unselected package libdatrie1:amd64.
Preparing to unpack .../14-libdatrie1_0.2.13-2+b1_amd64.deb ...
Unpacking libdatrie1:amd64 (0.2.13-2+b1) ...
Selecting previously unselected package libdrm-common.
Preparing to unpack .../15-libdrm-common_2.4.114-1_all.deb ...
Unpacking libdrm-common (2.4.114-1) ...
Selecting previously unselected package libdrm2:amd64.
Preparing to unpack .../16-libdrm2_2.4.114-1+b1_amd64.deb ...
Unpacking libdrm2:amd64 (2.4.114-1+b1) ...
Selecting previously unselected package libdrm-amdgpu1:amd64.
Preparing to unpack .../17-libdrm-amdgpu1_2.4.114-1+b1_amd64.deb ...
Unpacking libdrm-amdgpu1:amd64 (2.4.114-1+b1) ...
Selecting previously unselected package libpciaccess0:amd64.
Preparing to unpack .../18-libpciaccess0_0.17-2_amd64.deb ...
Unpacking libpciaccess0:amd64 (0.17-2) ...
Selecting previously unselected package libdrm-intel1:amd64.
Preparing to unpack .../19-libdrm-intel1_2.4.114-1+b1_amd64.deb ...
Unpacking libdrm-intel1:amd64 (2.4.114-1+b1) ...
Selecting previously unselected package libdrm-nouveau2:amd64.
Preparing to unpack .../20-libdrm-nouveau2_2.4.114-1+b1_amd64.deb ...
Unpacking libdrm-nouveau2:amd64 (2.4.114-1+b1) ...
Selecting previously unselected package libdrm-radeon1:amd64.
Preparing to unpack .../21-libdrm-radeon1_2.4.114-1+b1_amd64.deb ...
Unpacking libdrm-radeon1:amd64 (2.4.114-1+b1) ...
Selecting previously unselected package libfribidi0:amd64.
Preparing to unpack .../22-libfribidi0_1.0.8-2.1_amd64.deb ...
Unpacking libfribidi0:amd64 (1.0.8-2.1) ...
Selecting previously unselected package libgif7:amd64.
Preparing to unpack .../23-libgif7_5.2.1-2.5_amd64.deb ...
Unpacking libgif7:amd64 (5.2.1-2.5) ...
Selecting previously unselected package libglvnd0:amd64.
Preparing to unpack .../24-libglvnd0_1.6.0-1_amd64.deb ...
Unpacking libglvnd0:amd64 (1.6.0-1) ...
Selecting previously unselected package libglapi-mesa:amd64.
Preparing to unpack .../25-libglapi-mesa_22.3.6-1+deb12u1_amd64.deb ...
Unpacking libglapi-mesa:amd64 (22.3.6-1+deb12u1) ...
Selecting previously unselected package libx11-xcb1:amd64.
Preparing to unpack .../26-libx11-xcb1_2%3a1.8.4-2+deb12u2_amd64.deb ...
Unpacking libx11-xcb1:amd64 (2:1.8.4-2+deb12u2) ...
Selecting previously unselected package libxcb-dri2-0:amd64.
Preparing to unpack .../27-libxcb-dri2-0_1.15-1_amd64.deb ...
Unpacking libxcb-dri2-0:amd64 (1.15-1) ...
Selecting previously unselected package libxcb-dri3-0:amd64.
Preparing to unpack .../28-libxcb-dri3-0_1.15-1_amd64.deb ...
Unpacking libxcb-dri3-0:amd64 (1.15-1) ...
Selecting previously unselected package libxcb-glx0:amd64.
Preparing to unpack .../29-libxcb-glx0_1.15-1_amd64.deb ...
Unpacking libxcb-glx0:amd64 (1.15-1) ...
Selecting previously unselected package libxcb-present0:amd64.
Preparing to unpack .../30-libxcb-present0_1.15-1_amd64.deb ...
Unpacking libxcb-present0:amd64 (1.15-1) ...
Selecting previously unselected package libxcb-randr0:amd64.
Preparing to unpack .../31-libxcb-randr0_1.15-1_amd64.deb ...
Unpacking libxcb-randr0:amd64 (1.15-1) ...
Selecting previously unselected package libxcb-sync1:amd64.
Preparing to unpack .../32-libxcb-sync1_1.15-1_amd64.deb ...
Unpacking libxcb-sync1:amd64 (1.15-1) ...
Selecting previously unselected package libxcb-xfixes0:amd64.
Preparing to unpack .../33-libxcb-xfixes0_1.15-1_amd64.deb ...
Unpacking libxcb-xfixes0:amd64 (1.15-1) ...
Selecting previously unselected package libxfixes3:amd64.
Preparing to unpack .../34-libxfixes3_1%3a6.0.0-2_amd64.deb ...
Unpacking libxfixes3:amd64 (1:6.0.0-2) ...
Selecting previously unselected package libxshmfence1:amd64.
Preparing to unpack .../35-libxshmfence1_1.3-1_amd64.deb ...
Unpacking libxshmfence1:amd64 (1.3-1) ...
Selecting previously unselected package libxxf86vm1:amd64.
Preparing to unpack .../36-libxxf86vm1_1%3a1.1.4-1+b2_amd64.deb ...
Unpacking libxxf86vm1:amd64 (1:1.1.4-1+b2) ...
Selecting previously unselected package libz3-4:amd64.
Preparing to unpack .../37-libz3-4_4.8.12-3.1_amd64.deb ...
Unpacking libz3-4:amd64 (4.8.12-3.1) ...
Selecting previously unselected package libllvm15:amd64.
Preparing to unpack .../38-libllvm15_1%3a15.0.6-4+b1_amd64.deb ...
Unpacking libllvm15:amd64 (1:15.0.6-4+b1) ...
Selecting previously unselected package libsensors-config.
Preparing to unpack .../39-libsensors-config_1%3a3.6.0-7.1_all.deb ...
Unpacking libsensors-config (1:3.6.0-7.1) ...
Selecting previously unselected package libsensors5:amd64.
Preparing to unpack .../40-libsensors5_1%3a3.6.0-7.1_amd64.deb ...
Unpacking libsensors5:amd64 (1:3.6.0-7.1) ...
Selecting previously unselected package libgl1-mesa-dri:amd64.
Preparing to unpack .../41-libgl1-mesa-dri_22.3.6-1+deb12u1_amd64.deb ...
Unpacking libgl1-mesa-dri:amd64 (22.3.6-1+deb12u1) ...
Selecting previously unselected package libglx-mesa0:amd64.
Preparing to unpack .../42-libglx-mesa0_22.3.6-1+deb12u1_amd64.deb ...
Unpacking libglx-mesa0:amd64 (22.3.6-1+deb12u1) ...
Selecting previously unselected package libglx0:amd64.
Preparing to unpack .../43-libglx0_1.6.0-1_amd64.deb ...
Unpacking libglx0:amd64 (1.6.0-1) ...
Selecting previously unselected package libgl1:amd64.
Preparing to unpack .../44-libgl1_1.6.0-1_amd64.deb ...
Unpacking libgl1:amd64 (1.6.0-1) ...
Selecting previously unselected package libgraphite2-3:amd64.
Preparing to unpack .../45-libgraphite2-3_1.3.14-1_amd64.deb ...
Unpacking libgraphite2-3:amd64 (1.3.14-1) ...
Selecting previously unselected package libharfbuzz0b:amd64.
Preparing to unpack .../46-libharfbuzz0b_6.0.0+dfsg-3_amd64.deb ...
Unpacking libharfbuzz0b:amd64 (6.0.0+dfsg-3) ...
Selecting previously unselected package liblcms2-2:amd64.
Preparing to unpack .../47-liblcms2-2_2.14-2_amd64.deb ...
Unpacking liblcms2-2:amd64 (2.14-2) ...
Selecting previously unselected package libopenjp2-7:amd64.
Preparing to unpack .../48-libopenjp2-7_2.5.0-2+deb12u2_amd64.deb ...
Unpacking libopenjp2-7:amd64 (2.5.0-2+deb12u2) ...
Selecting previously unselected package libwebpmux3:amd64.
Preparing to unpack .../49-libwebpmux3_1.2.4-0.2+deb12u1_amd64.deb ...
Unpacking libwebpmux3:amd64 (1.2.4-0.2+deb12u1) ...
Selecting previously unselected package liblept5:amd64.
Preparing to unpack .../50-liblept5_1.82.0-3+b3_amd64.deb ...
Unpacking liblept5:amd64 (1.82.0-3+b3) ...
Selecting previously unselected package libleptonica-dev.
Preparing to unpack .../51-libleptonica-dev_1.82.0-3+b3_amd64.deb ...
Unpacking libleptonica-dev (1.82.0-3+b3) ...
Selecting previously unselected package libthai-data.
Preparing to unpack .../52-libthai-data_0.1.29-1_all.deb ...
Unpacking libthai-data (0.1.29-1) ...
Selecting previously unselected package libthai0:amd64.
Preparing to unpack .../53-libthai0_0.1.29-1_amd64.deb ...
Unpacking libthai0:amd64 (0.1.29-1) ...
Selecting previously unselected package libpango-1.0-0:amd64.
Preparing to unpack .../54-libpango-1.0-0_1.50.12+ds-1_amd64.deb ...
Unpacking libpango-1.0-0:amd64 (1.50.12+ds-1) ...
Selecting previously unselected package libpangoft2-1.0-0:amd64.
Preparing to unpack .../55-libpangoft2-1.0-0_1.50.12+ds-1_amd64.deb ...
Unpacking libpangoft2-1.0-0:amd64 (1.50.12+ds-1) ...
Selecting previously unselected package libpangocairo-1.0-0:amd64.
Preparing to unpack .../56-libpangocairo-1.0-0_1.50.12+ds-1_amd64.deb ...
Unpacking libpangocairo-1.0-0:amd64 (1.50.12+ds-1) ...
Selecting previously unselected package libpoppler126:amd64.
Preparing to unpack .../57-libpoppler126_22.12.0-2+deb12u1_amd64.deb ...
Unpacking libpoppler126:amd64 (22.12.0-2+deb12u1) ...
Selecting previously unselected package libtesseract5:amd64.
Preparing to unpack .../58-libtesseract5_5.3.0-2_amd64.deb ...
Unpacking libtesseract5:amd64 (5.3.0-2) ...
Selecting previously unselected package libtesseract-dev:amd64.
Preparing to unpack .../59-libtesseract-dev_5.3.0-2_amd64.deb ...
Unpacking libtesseract-dev:amd64 (5.3.0-2) ...
Selecting previously unselected package poppler-utils.
Preparing to unpack .../60-poppler-utils_22.12.0-2+deb12u1_amd64.deb ...
Unpacking poppler-utils (22.12.0-2+deb12u1) ...
Selecting previously unselected package tesseract-ocr-eng.
Preparing to unpack .../61-tesseract-ocr-eng_1%3a4.1.0-2_all.deb ...
Unpacking tesseract-ocr-eng (1:4.1.0-2) ...
Selecting previously unselected package tesseract-ocr-osd.
Preparing to unpack .../62-tesseract-ocr-osd_1%3a4.1.0-2_all.deb ...
Unpacking tesseract-ocr-osd (1:4.1.0-2) ...
Selecting previously unselected package tesseract-ocr.
Preparing to unpack .../63-tesseract-ocr_5.3.0-2_amd64.deb ...
Unpacking tesseract-ocr (5.3.0-2) ...
Setting up libgraphite2-3:amd64 (1.3.14-1) ...
Setting up libxcb-dri3-0:amd64 (1.15-1) ...
Setting up liblcms2-2:amd64 (2.14-2) ...
Setting up libpixman-1-0:amd64 (0.42.2-1) ...
Setting up libx11-xcb1:amd64 (2:1.8.4-2+deb12u2) ...
Setting up libpciaccess0:amd64 (0.17-2) ...
Setting up fontconfig (2.14.1-4) ...
Regenerating fonts cache... [2026-01-15 08:11:44.124050] done.
Setting up libxcb-xfixes0:amd64 (1.15-1) ...
Setting up libxrender1:amd64 (1:0.9.10-1.1) ...
Setting up libdatrie1:amd64 (0.2.13-2+b1) ...
Setting up libarchive13:amd64 (3.6.2-1+deb12u3) ...
Setting up libxcb-render0:amd64 (1.15-1) ...
Setting up libglvnd0:amd64 (1.6.0-1) ...
Setting up libxcb-glx0:amd64 (1.15-1) ...
Setting up libsensors-config (1:3.6.0-7.1) ...
Setting up tesseract-ocr-eng (1:4.1.0-2) ...
Setting up libxcb-shm0:amd64 (1.15-1) ...
Setting up libcairo2:amd64 (1.16.0-7) ...
Setting up libxxf86vm1:amd64 (1:1.1.4-1+b2) ...
Setting up poppler-data (0.4.12-1) ...
Setting up libxcb-present0:amd64 (1.15-1) ...
Setting up libz3-4:amd64 (4.8.12-3.1) ...
Setting up libnspr4:amd64 (2:4.35-1) ...
Setting up libxfixes3:amd64 (1:6.0.0-2) ...
Setting up libxcb-sync1:amd64 (1.15-1) ...
Setting up libfribidi0:amd64 (1.0.8-2.1) ...
Setting up libsensors5:amd64 (1:3.6.0-7.1) ...
Setting up libglapi-mesa:amd64 (22.3.6-1+deb12u1) ...
Setting up libxcb-dri2-0:amd64 (1.15-1) ...
Setting up libgif7:amd64 (5.2.1-2.5) ...
Setting up libxshmfence1:amd64 (1.3-1) ...
Setting up libarchive-dev:amd64 (3.6.2-1+deb12u3) ...
Setting up libxcb-randr0:amd64 (1.15-1) ...
Setting up libllvm15:amd64 (1:15.0.6-4+b1) ...
Setting up libopenjp2-7:amd64 (2.5.0-2+deb12u2) ...
Setting up libharfbuzz0b:amd64 (6.0.0+dfsg-3) ...
Setting up libthai-data (0.1.29-1) ...
Setting up tesseract-ocr-osd (1:4.1.0-2) ...
Setting up libwebpmux3:amd64 (1.2.4-0.2+deb12u1) ...
Setting up libdrm-common (2.4.114-1) ...
Setting up libnss3:amd64 (2:3.87.1-1+deb12u1) ...
Setting up liblept5:amd64 (1.82.0-3+b3) ...
Setting up libthai0:amd64 (0.1.29-1) ...
Setting up libleptonica-dev (1.82.0-3+b3) ...
Setting up libpoppler126:amd64 (22.12.0-2+deb12u1) ...
Setting up libdrm2:amd64 (2.4.114-1+b1) ...
Setting up libtesseract5:amd64 (5.3.0-2) ...
Setting up poppler-utils (22.12.0-2+deb12u1) ...
Setting up libdrm-amdgpu1:amd64 (2.4.114-1+b1) ...
Setting up libdrm-nouveau2:amd64 (2.4.114-1+b1) ...
Setting up libdrm-radeon1:amd64 (2.4.114-1+b1) ...
Setting up libpango-1.0-0:amd64 (1.50.12+ds-1) ...
Setting up libdrm-intel1:amd64 (2.4.114-1+b1) ...
Setting up libgl1-mesa-dri:amd64 (22.3.6-1+deb12u1) ...
Setting up nss-plugin-pem:amd64 (1.0.8+1-1) ...
Setting up libcurl3-nss:amd64 (7.88.1-10+deb12u14) ...
Setting up libcurl4-nss-dev:amd64 (7.88.1-10+deb12u14) ...
Setting up libpangoft2-1.0-0:amd64 (1.50.12+ds-1) ...
Setting up libpangocairo-1.0-0:amd64 (1.50.12+ds-1) ...
Setting up libtesseract-dev:amd64 (5.3.0-2) ...
Setting up libglx-mesa0:amd64 (22.3.6-1+deb12u1) ...
Setting up libglx0:amd64 (1.6.0-1) ...
Setting up libgl1:amd64 (1.6.0-1) ...
Setting up tesseract-ocr (5.3.0-2) ...
Processing triggers for libc-bin (2.36-9+deb12u13) ...

â”€â”€â”€â”€â”€â”€â”€â”€â”€â”€â”€â”€â”€â”€â”€â”€â”€â”€â”€â”€â”€â”€â”€â”€â”€â”€â”€â”€â”€â”€â”€â”€â”€â”€â”€â”€â”€â”€â”€â”€ uv â”€â”€â”€â”€â”€â”€â”€â”€â”€â”€â”€â”€â”€â”€â”€â”€â”€â”€â”€â”€â”€â”€â”€â”€â”€â”€â”€â”€â”€â”€â”€â”€â”€â”€â”€â”€â”€â”€â”€â”€â”€â”€â”€

Using uv pip install.
Using Python 3.11.14 environment at /home/adminuser/venv
  Ã— No solution found when resolving dependencies:
  â•°â”€â–¶ Because torchvision==0.20.1+cpu depends on torch==2.5.1 and you
      require torch==2.9.1+cpu, we can conclude that your requirements and
      torchvision==0.20.1+cpu are incompatible.
      And because you require torchvision==0.20.1+cpu, we can conclude that
      your requirements are unsatisfiable.
Checking if Streamlit is installed
Installing rich for an improved exception logging
Using uv pip install.
Using Python 3.11.14 environment at /home/adminuser/venv
Resolved 4 packages in 126ms
Prepared 4 packages in 122ms
Installed 4 packages in 12ms
 + markdown-it-py==4.0.0
 [2026-01-15 08:11:47.349035] + mdurl==0.1.2
 + pygments==2.19.2
 + rich==14.2.0

â”€â”€â”€â”€â”€â”€â”€â”€â”€â”€â”€â”€â”€â”€â”€â”€â”€â”€â”€â”€â”€â”€â”€â”€â”€â”€â”€â”€â”€â”€â”€â”€â”€â”€â”€â”€â”€â”€â”€â”€â”€â”€â”€â”€â”€â”€â”€â”€â”€â”€â”€â”€â”€â”€â”€â”€â”€â”€â”€â”€â”€â”€â”€â”€â”€â”€â”€â”€â”€â”€â”€â”€â”€â”€â”€â”€â”€â”€â”€â”€â”€â”€â”€â”€â”€â”€â”€â”€


â”€â”€â”€â”€â”€â”€â”€â”€â”€â”€â”€â”€â”€â”€â”€â”€â”€â”€â”€â”€â”€â”€â”€â”€â”€â”€â”€â”€â”€â”€â”€â”€â”€â”€â”€â”€â”€â”€â”€â”€ pip â”€â”€â”€â”€â”€â”€â”€â”€â”€â”€â”€â”€â”€â”€â”€â”€â”€â”€â”€â”€â”€â”€â”€â”€â”€â”€â”€â”€â”€â”€â”€â”€â”€â”€â”€â”€â”€â”€â”€â”€â”€â”€â”€

Using standard pip install.
Looking in indexes: https://pypi.org/simple, https://download.pytorch.org/whl/cpu
Collecting streamlit==1.53.0 (from -r /mount/src/blank-app/requirements.txt (line 1))
  Downloading streamlit-1.53.0-py3-none-any.whl.metadata (10 kB)
Collecting torch==2.9.1+cpu (from -r /mount/src/blank-app/requirements.txt (line 3))
  Downloading https://download.pytorch.org/whl/cpu/torch-2.9.1%2Bcpu-cp311-cp311-manylinux_2_28_x86_64.whl.metadata (29 kB)
Collecting torchvision==0.20.1+cpu (from -r /mount/src/blank-app/requirements.txt (line 4))
  Downloading https://download.pytorch.org/whl/cpu/torchvision-0.20.1%2Bcpu-cp311-cp311-linux_x86_64.whl (1.8 MB)
     â”â”â”â”â”â”â”â”â”â”â”â”â”â”â”â”â”â”â”â”â”â”â”â”â”â”â”â”â”â”â”â”â”â”â”â”â”â”â”â” 1.8/1.8 MB 63.7 MB/s eta 0:00:00[2026-01-15 08:11:50.404753] 
Collecting torchaudio==2.9.1+cpu (from -r /mount/src/blank-app/requirements.txt (line 5))
  Downloading https://download.pytorch.org/whl/cpu/torchaudio-2.9.1%2Bcpu-cp311-cp311-manylinux_2_28_x86_64.whl.metadata (6.9 kB)
Collecting torch-scatter==2.1.2 (from -r /mount/src/blank-app/requirements.txt (line 9))
  Downloading torch_scatter-2.1.2.tar.gz (108 kB)
     â”â”â”â”â”â”â”â”â”â”â”â”â”â”â”â”â”â”â”â”â”â”â”â”â”â”â”â”â”â”â”â”â”â”â”â”â”â”â” 108.0/108.0 kB 7.4 MB/s eta 0:00:00[2026-01-15 08:11:50.993091] 
  Installing build dependencies: started
  Installing build dependencies: finished with status 'done'
  Getting requirements to build wheel: started
  Getting requirements to build wheel: finished with status 'error'
  error: subprocess-exited-with-error
  
  Ã— Getting requirements to build wheel did not run successfully.
  â”‚ exit code: 1
  â•°â”€> [20 lines of output]
      Traceback (most recent call last):
        File "/home/adminuser/venv/lib/python3.11/site-packages/pip/_vendor/pyproject_hooks/_in_process/_in_process.py", line 353, in <module>
          main()
        File "/home/adminuser/venv/lib/python3.11/site-packages/pip/_vendor/pyproject_hooks/_in_process/_in_process.py", line 335, in main
          json_out['return_val'] = hook(**hook_input['kwargs'])
                                   ^^^^^^^^^^^^^^^^^^^^^^^^^^^^
        File "/home/adminuser/venv/lib/python3.11/site-packages/pip/_vendor/pyproject_hooks/_in_process/_in_process.py", line 118, in get_requires_for_build_wheel
          return hook(config_settings)
                 ^^^^^^^^^^^^^^^^^^^^^
        File "/tmp/pip-build-env-7hibe473/overlay/lib/python3.11/site-packages/setuptools/build_meta.py", line 331, in get_requires_for_build_wheel
          return self._get_build_requires(config_settings, requirements=[])
                 ^^^^^^^^^^^^^^^^^^^^^^^^^^^^^^^^^^^^^^^^^^^^^^^^^^^^^^^^^^
        File "/tmp/pip-build-env-7hibe473/overlay/lib/python3.11/site-packages/setuptools/build_meta.py", line 301, in _get_build_requires
          self.run_setup()
        File "/tmp/pip-build-env-7hibe473/overlay/lib/python3.11/site-packages/setuptools/build_meta.py", line 512, in run_setup
          super().run_setup(setup_script=setup_script)
        File "/tmp/pip-build-env-7hibe473/overlay/lib/python3.11/site-packages/setuptools/build_meta.py", line 317, in run_setup
          exec(code, locals())
        File "<string>", line 8, in <module>
      ModuleNotFoundError: No module named 'torch'
      [end of output]
  
  note: This error originates from a subprocess, and is likely not a problem with pip.
error: subprocess-exited-with-error

Ã— Getting requirements to build wheel did not run successfully.
â”‚ exit code: 1
â•°â”€> See above for output.

note: This error originates from a subprocess, and is likely not a problem with pip.

[notice] A new release of pip is available: 24.0 -> 25.3
[notice] To update, run: pip install --upgrade pip
Checking if Streamlit is installed
Installing rich for an improved exception logging
Using standard pip install.
Collecting rich>=10.14.0
  Downloading rich-14.2.0-py3-none-any.whl.metadata (18 kB)
Collecting markdown-it-py>=2.2.0 (from rich>=10.14.0)
  Downloading markdown_it_py-4.0.0-py3-none-any.whl.metadata (7.3 kB)
Collecting pygments<3.0.0,>=2.13.0 (from rich>=10.14.0)
  Downloading pygments-2.19.2-py3-none-any.whl.metadata (2.5 kB)
Collecting mdurl~=0.1 (from markdown-it-py>=2.2.0->rich>=10.14.0)
  Downloading mdurl-0.1.2-py3-none-any.whl.metadata (1.6 kB)
Downloading rich-14.2.0-py3-none-any.whl (243 kB)
   â”â”â”â”â”â”â”â”â”â”â”â”â”â”â”â”â”â”â”â”â”â”â”â”â”â”â”â”â”â”â”â”â”â”â”â”â”â”â”â” 243.4/243.4 kB 11.8 MB/s eta 0:00:00[2026-01-15 08:11:54.959936] 
Downloading markdown_it_py-4.0.0-py3-none-any.whl (87 kB)
   â”â”â”â”â”â”â”â”â”â”â”â”â”â”â”â”â”â”â”â”â”â”â”â”â”â”â”â”â”â”â”â”â”â”â”â”â”â”â”â” 87.3/87.3 kB 178.5 MB/s eta 0:00:00[2026-01-15 08:11:54.971786] 
Downloading pygments-2.19.2-py3-none-any.whl (1.2 MB)
   â”â”â”â”â”â”â”â”â”â”â”â”â”â”â”â”â”â”â”â”â”â”â”â”â”â”â”â”â”â”â”â”â”â”â”â”â”â”â”â” 1.2/1.2 MB 84.4 MB/s eta 0:00:00[2026-01-15 08:11:54.998348] 
Downloading mdurl-0.1.2-py3-none-any.whl (10.0 kB)
Installing collected packages: pygments, mdurl, markdown-it-py, rich
  Attempting uninstall: pygments
    Found existing installation: Pygments 2.19.2
    Uninstalling Pygments-2.19.2:
      Successfully uninstalled Pygments-2.19.2
  Attempting uninstall: mdurl
    Found existing installation: mdurl 0.1.2
    Uninstalling mdurl-0.1.2:
      Successfully uninstalled mdurl-0.1.2
  Attempting uninstall: markdown-it-py
    Found existing installation: markdown-it-py 4.0.0
    Uninstalling markdown-it-py-4.0.0:
      Successfully uninstalled markdown-it-py-4.0.0
  Attempting uninstall: rich
    Found existing installation: rich 14.2.0
    Uninstalling rich-14.2.0:
      Successfully uninstalled rich-14.2.0
Successfully installed markdown-it-py-4.0.0 mdurl-0.1.2 pygments-2.19.2 rich-14.2.0

[notice] A new release of pip is available: 24.0 -> 25.3
[notice] To update, run: pip install --upgrade pip

â”€â”€â”€â”€â”€â”€â”€â”€â”€â”€â”€â”€â”€â”€â”€â”€â”€â”€â”€â”€â”€â”€â”€â”€â”€â”€â”€â”€â”€â”€â”€â”€â”€â”€â”€â”€â”€â”€â”€â”€â”€â”€â”€â”€â”€â”€â”€â”€â”€â”€â”€â”€â”€â”€â”€â”€â”€â”€â”€â”€â”€â”€â”€â”€â”€â”€â”€â”€â”€â”€â”€â”€â”€â”€â”€â”€â”€â”€â”€â”€â”€â”€â”€â”€â”€â”€â”€â”€

[08:11:57] â—ï¸ installer returned a non-zero exit code
[08:11:57] â—ï¸ Error during processing dependencies! Please fix the error and push an update, or try restarting the app.
[08:11:57] ğŸ™ Pulling code changes from Github...
[08:11:58] ğŸ“¦ Processing dependencies...
[08:11:58] ğŸ“¦ Apt dependencies were installed from /mount/src/blank-app/packages.txt using apt-get.

â”€â”€â”€â”€â”€â”€â”€â”€â”€â”€â”€â”€â”€â”€â”€â”€â”€â”€â”€â”€â”€â”€â”€â”€â”€â”€â”€â”€â”€â”€â”€â”€â”€â”€â”€â”€â”€â”€â”€â”€ uv â”€â”€â”€â”€â”€â”€â”€â”€â”€â”€â”€â”€â”€â”€â”€â”€â”€â”€â”€â”€â”€â”€â”€â”€â”€â”€â”€â”€â”€â”€â”€â”€â”€â”€â”€â”€â”€â”€â”€â”€â”€â”€â”€

Using uv pip install.
Using Python 3.11.14 environment at /home/adminuser/venv
  Ã— No solution found when resolving dependencies:
  â•°â”€â–¶ Because torchvision==0.20.1+cpu depends on torch==2.5.1 and you
      require torch==2.9.1+cpu, we can conclude that your requirements and
      torchvision==0.20.1+cpu are incompatible.
      And because you require torchvision==0.20.1+cpu, we can conclude that
      your requirements are unsatisfiable.
Checking if Streamlit is installed
Installing rich for an improved exception logging
Using uv pip install.
Using Python 3.11.14 environment at /home/adminuser/venv
Audited 1 package in 1ms

â”€â”€â”€â”€â”€â”€â”€â”€â”€â”€â”€â”€â”€â”€â”€â”€â”€â”€â”€â”€â”€â”€â”€â”€â”€â”€â”€â”€â”€â”€â”€â”€â”€â”€â”€â”€â”€â”€â”€â”€â”€â”€â”€â”€â”€â”€â”€â”€â”€â”€â”€â”€â”€â”€â”€â”€â”€â”€â”€â”€â”€â”€â”€â”€â”€â”€â”€â”€â”€â”€â”€â”€â”€â”€â”€â”€â”€â”€â”€â”€â”€â”€â”€â”€â”€â”€â”€â”€


â”€â”€â”€â”€â”€â”€â”€â”€â”€â”€â”€â”€â”€â”€â”€â”€â”€â”€â”€â”€â”€â”€â”€â”€â”€â”€â”€â”€â”€â”€â”€â”€â”€â”€â”€â”€â”€â”€â”€â”€ pip â”€â”€â”€â”€â”€â”€â”€â”€â”€â”€â”€â”€â”€â”€â”€â”€â”€â”€â”€â”€â”€â”€â”€â”€â”€â”€â”€â”€â”€â”€â”€â”€â”€â”€â”€â”€â”€â”€â”€â”€â”€â”€â”€

Using standard pip install.
Looking in indexes: https://pypi.org/simple, https://download.pytorch.org/whl/cpu
Collecting streamlit==1.53.0 (from -r /mount/src/blank-app/requirements.txt (line 1))
  Downloading streamlit-1.53.0-py3-none-any.whl.metadata (10 kB)
Collecting torch==2.9.1+cpu (from -r /mount/src/blank-app/requirements.txt (line 3))
  Downloading https://download.pytorch.org/whl/cpu/torch-2.9.1%2Bcpu-cp311-cp311-manylinux_2_28_x86_64.whl.metadata (29 kB)
Collecting torchvision==0.20.1+cpu (from -r /mount/src/blank-app/requirements.txt (line 4))
  Downloading https://download.pytorch.org/whl/cpu/torchvision-0.20.1%2Bcpu-cp311-cp311-linux_x86_64.whl (1.8 MB)
     â”â”â”â”â”â”â”â”â”â”â”â”â”â”â”â”â”â”â”â”â”â”â”â”â”â”â”â”â”â”â”â”â”â”â”â”â”â”â”â” 1.8/1.8 MB 60.1 MB/s eta 0:00:00[2026-01-15 08:12:02.843453] 
Collecting torchaudio==2.9.1+cpu (from -r /mount/src/blank-app/requirements.txt (line 5))
  Downloading https://download.pytorch.org/whl/cpu/torchaudio-2.9.1%2Bcpu-cp311-cp311-manylinux_2_28_x86_64.whl.metadata (6.9 kB)
Collecting torch-scatter==2.1.2 (from -r /mount/src/blank-app/requirements.txt (line 9))
  Downloading torch_scatter-2.1.2.tar.gz (108 kB)
     â”â”â”â”â”â”â”â”â”â”â”â”â”â”â”â”â”â”â”â”â”â”â”â”â”â”â”â”â”â”â”â”â”â”â”â”â”â”â” 108.0/108.0 kB 6.2 MB/s eta 0:00:00[2026-01-15 08:12:03.502802] 
  Installing build dependencies: started
  Installing build dependencies: finished with status 'done'
  Getting requirements to build wheel: started
  Getting requirements to build wheel: finished with status 'error'
  error: subprocess-exited-with-error
  
  Ã— Getting requirements to build wheel did not run successfully.
  â”‚ exit code: 1
  â•°â”€> [20 lines of output]
      Traceback (most recent call last):
        File "/home/adminuser/venv/lib/python3.11/site-packages/pip/_vendor/pyproject_hooks/_in_process/_in_process.py", line 353, in <module>
          main()
        File "/home/adminuser/venv/lib/python3.11/site-packages/pip/_vendor/pyproject_hooks/_in_process/_in_process.py", line 335, in main
          json_out['return_val'] = hook(**hook_input['kwargs'])
                                   ^^^^^^^^^^^^^^^^^^^^^^^^^^^^
        File "/home/adminuser/venv/lib/python3.11/site-packages/pip/_vendor/pyproject_hooks/_in_process/_in_process.py", line 118, in get_requires_for_build_wheel
          return hook(config_settings)
                 ^^^^^^^^^^^^^^^^^^^^^
        File "/tmp/pip-build-env-yals631l/overlay/lib/python3.11/site-packages/setuptools/build_meta.py", line 331, in get_requires_for_build_wheel
          return self._get_build_requires(config_settings, requirements=[])
                 ^^^^^^^^^^^^^^^^^^^^^^^^^^^^^^^^^^^^^^^^^^^^^^^^^^^^^^^^^^
        File "/tmp/pip-build-env-yals631l/overlay/lib/python3.11/site-packages/setuptools/build_meta.py", line 301, in _get_build_requires
          self.run_setup()
        File "/tmp/pip-build-env-yals631l/overlay/lib/python3.11/site-packages/setuptools/build_meta.py", line 512, in run_setup
          super().run_setup(setup_script=setup_script)
        File "/tmp/pip-build-env-yals631l/overlay/lib/python3.11/site-packages/setuptools/build_meta.py", line 317, in run_setup
          exec(code, locals())
        File "<string>", line 8, in <module>
      ModuleNotFoundError: No module named 'torch'
      [end of output]
  
  note: This error originates from a subprocess, and is likely not a problem with pip.
error: subprocess-exited-with-error

Ã— Getting requirements to build wheel did not run successfully.
â”‚ exit code: 1
â•°â”€> See above for output.

note: This error originates from a subprocess, and is likely not a problem with pip.

[notice] A new release of pip is available: 24.0 -> 25.3
[notice] To update, run: pip install --upgrade pip
Checking if Streamlit is installed
Installing rich for an improved exception logging
Using standard pip install.
Collecting rich>=10.14.0
  Downloading rich-14.2.0-py3-none-any.whl.metadata (18 kB)
Collecting markdown-it-py>=2.2.0 (from rich>=10.14.0)
  Downloading markdown_it_py-4.0.0-py3-none-any.whl.metadata (7.3 kB)
Collecting pygments<3.0.0,>=2.13.0 (from rich>=10.14.0)
  Downloading pygments-2.19.2-py3-none-any.whl.metadata (2.5 kB)
Collecting mdurl~=0.1 (from markdown-it-py>=2.2.0->rich>=10.14.0)
  Downloading mdurl-0.1.2-py3-none-any.whl.metadata (1.6 kB)
Downloading rich-14.2.0-py3-none-any.whl (243 kB)
   â”â”â”â”â”â”â”â”â”â”â”â”â”â”â”â”â”â”â”â”â”â”â”â”â”â”â”â”â”â”â”â”â”â”â”â”â”â”â”â” 243.4/243.4 kB 12.8 MB/s eta 0:00:00[2026-01-15 08:12:07.319206] 
Downloading markdown_it_py-4.0.0-py3-none-any.whl (87 kB)
   â”â”â”â”â”â”â”â”â”â”â”â”â”â”â”â”â”â”â”â”â”â”â”â”â”â”â”â”â”â”â”â”â”â”â”â”â”â”â”â” 87.3/87.3 kB 218.1 MB/s eta 0:00:00[2026-01-15 08:12:07.332136] 
Downloading pygments-2.19.2-py3-none-any.whl (1.2 MB)
   â”â”â”â”â”â”â”â”â”â”â”â”â”â”â”â”â”â”â”â”â”â”â”â”â”â”â”â”â”â”â”â”â”â”â”â”â”â”â”â” 1.2/1.2 MB 77.4 MB/s eta 0:00:00[2026-01-15 08:12:07.358603] 
Downloading mdurl-0.1.2-py3-none-any.whl (10.0 kB)
Installing collected packages: pygments, mdurl, markdown-it-py, rich
  Attempting uninstall: pygments
    Found existing installation: Pygments 2.19.2
    Uninstalling Pygments-2.19.2:
      Successfully uninstalled Pygments-2.19.2
  Attempting uninstall: mdurl
    Found existing installation: mdurl 0.1.2
    Uninstalling mdurl-0.1.2:
      Successfully uninstalled mdurl-0.1.2
  Attempting uninstall: markdown-it-py
    Found existing installation: markdown-it-py 4.0.0
    Uninstalling markdown-it-py-4.0.0:
      Successfully uninstalled markdown-it-py-4.0.0
  Attempting uninstall: rich
    Found existing installation: rich 14.2.0
    Uninstalling rich-14.2.0:
      Successfully uninstalled rich-14.2.0
Successfully installed markdown-it-py-4.0.0 mdurl-0.1.2 pygments-2.19.2 rich-14.2.0

[notice] A new release of pip is available: 24.0 -> 25.3
[notice] To update, run: pip install --upgrade pip

â”€â”€â”€â”€â”€â”€â”€â”€â”€â”€â”€â”€â”€â”€â”€â”€â”€â”€â”€â”€â”€â”€â”€â”€â”€â”€â”€â”€â”€â”€â”€â”€â”€â”€â”€â”€â”€â”€â”€â”€â”€â”€â”€â”€â”€â”€â”€â”€â”€â”€â”€â”€â”€â”€â”€â”€â”€â”€â”€â”€â”€â”€â”€â”€â”€â”€â”€â”€â”€â”€â”€â”€â”€â”€â”€â”€â”€â”€â”€â”€â”€â”€â”€â”€â”€â”€â”€â”€

[08:12:09] â—ï¸ installer returned a non-zero exit code
[08:16:15] ğŸ™ Pulling code changes from Github...
[08:16:16] ğŸ“¦ Processing dependencies...
[08:16:16] ğŸ“¦ Apt dependencies were installed from /mount/src/blank-app/packages.txt using apt-get.

â”€â”€â”€â”€â”€â”€â”€â”€â”€â”€â”€â”€â”€â”€â”€â”€â”€â”€â”€â”€â”€â”€â”€â”€â”€â”€â”€â”€â”€â”€â”€â”€â”€â”€â”€â”€â”€â”€â”€â”€ uv â”€â”€â”€â”€â”€â”€â”€â”€â”€â”€â”€â”€â”€â”€â”€â”€â”€â”€â”€â”€â”€â”€â”€â”€â”€â”€â”€â”€â”€â”€â”€â”€â”€â”€â”€â”€â”€â”€â”€â”€â”€â”€â”€

Using uv pip install.
Using Python 3.11.14 environment at /home/adminuser/venv
Resolved 62 packages in 1.23s
  Ã— Failed to download and build `torch-sparse==0.6.18`
  â”œâ”€â–¶ Build backend failed to determine requirements with `build_wheel()`
  â”‚   (exit status: 1)

  â”‚   [stderr]
  â”‚   Traceback (most recent call last):
  â”‚     File "<string>", line 14, in <module>
  â”‚     File
  â”‚   "/home/adminuser/.cache/uv/builds-v0/.tmpMLUz0K/lib/python3.11/site-packages/setuptools/build_meta.py",
  â”‚   line 327, in get_requires_for_build_wheel
  â”‚       return self._get_build_requires(config_settings, requirements=[])
  â”‚              ^^^^^^^^^^^^^^^^^^^^^^^^^^^^^^^^^^^^^^^^^^^^^^^^^^^^^^^^^^
  â”‚     File
  â”‚   "/home/adminuser/.cache/uv/builds-v0/.tmpMLUz0K/lib/python3.11/site-packages/setuptools/build_meta.py",
  â”‚   line 297, in _get_build_requires
  â”‚       self.run_setup()
  â”‚     File
  â”‚   "/home/adminuser/.cache/uv/builds-v0/.tmpMLUz0K/lib/python3.11/site-packages/setuptools/build_meta.py",
  â”‚   line 497, in run_setup
  â”‚       super().run_setup(setup_script=setup_script)
  â”‚     File
  â”‚   "/home/adminuser/.cache/uv/builds-v0/.tmpMLUz0K/lib/python3.11/site-packages/setuptools/build_meta.py",
  â”‚   line 313, in run_setup
  â”‚       exec(code, locals())
  â”‚     File "<string>", line 8, in <module>
  â”‚   ModuleNotFoundError: No module named 'torch'

  â•°â”€â–¶ This error likely indicates that torch-sparse@0.6.18 depends
      on torch, but doesn't declare it as a build dependency. If
      torch-sparse is a first-party package, consider adding torch to its
      `build-system.requires`. Otherwise, `uv pip install torch` into the
      environment and re-run with `--no-build-isolation`.
Checking if Streamlit is installed
Installing rich for an improved exception logging
Using uv pip install.
Using Python 3.11.14 environment at /home/adminuser/venv
Audited 1 package in 1ms

â”€â”€â”€â”€â”€â”€â”€â”€â”€â”€â”€â”€â”€â”€â”€â”€â”€â”€â”€â”€â”€â”€â”€â”€â”€â”€â”€â”€â”€â”€â”€â”€â”€â”€â”€â”€â”€â”€â”€â”€â”€â”€â”€â”€â”€â”€â”€â”€â”€â”€â”€â”€â”€â”€â”€â”€â”€â”€â”€â”€â”€â”€â”€â”€â”€â”€â”€â”€â”€â”€â”€â”€â”€â”€â”€â”€â”€â”€â”€â”€â”€â”€â”€â”€â”€â”€â”€â”€


â”€â”€â”€â”€â”€â”€â”€â”€â”€â”€â”€â”€â”€â”€â”€â”€â”€â”€â”€â”€â”€â”€â”€â”€â”€â”€â”€â”€â”€â”€â”€â”€â”€â”€â”€â”€â”€â”€â”€â”€ pip â”€â”€â”€â”€â”€â”€â”€â”€â”€â”€â”€â”€â”€â”€â”€â”€â”€â”€â”€â”€â”€â”€â”€â”€â”€â”€â”€â”€â”€â”€â”€â”€â”€â”€â”€â”€â”€â”€â”€â”€â”€â”€â”€

Using standard pip install.
Looking in indexes: https://pypi.org/simple, https://download.pytorch.org/whl/cpu
Collecting streamlit==1.53.0 (from -r /mount/src/blank-app/requirements.txt (line 1))
  Downloading streamlit-1.53.0-py3-none-any.whl.metadata (10 kB)
Collecting torch==2.5.1+cpu (from -r /mount/src/blank-app/requirements.txt (line 3))
  Downloading https://download.pytorch.org/whl/cpu/torch-2.5.1%2Bcpu-cp311-cp311-linux_x86_64.whl (174.7 MB)
     â”â”â”â”â”â”â”â”â”â”â”â”â”â”â”â”â”â”â”â”â”â”â”â”â”â”â”â”â”â”â”â”â”â”â”â”â” 174.7/174.7 MB 199.3 MB/s eta 0:00:00[2026-01-15 08:16:22.766991] 
Collecting torchvision==0.20.1+cpu (from -r /mount/src/blank-app/requirements.txt (line 4))
  Downloading https://download.pytorch.org/whl/cpu/torchvision-0.20.1%2Bcpu-cp311-cp311-linux_x86_64.whl (1.8 MB)
     â”â”â”â”â”â”â”â”â”â”â”â”â”â”â”â”â”â”â”â”â”â”â”â”â”â”â”â”â”â”â”â”â”â”â”â”â”â”â”â” 1.8/1.8 MB 227.7 MB/s eta 0:00:00[2026-01-15 08:16:23.456734] 
Collecting torchaudio==2.5.1+cpu (from -r /mount/src/blank-app/requirements.txt (line 5))
  Downloading https://download.pytorch.org/whl/cpu/torchaudio-2.5.1%2Bcpu-cp311-cp311-linux_x86_64.whl (1.7 MB)
     â”â”â”â”â”â”â”â”â”â”â”â”â”â”â”â”â”â”â”â”â”â”â”â”â”â”â”â”â”â”â”â”â”â”â”â”â”â”â”â” 1.7/1.7 MB 200.2 MB/s eta 0:00:00[2026-01-15 08:16:23.687915] 
Collecting torch-scatter==2.1.2 (from -r /mount/src/blank-app/requirements.txt (line 9))
  Downloading torch_scatter-2.1.2.tar.gz (108 kB)
     â”â”â”â”â”â”â”â”â”â”â”â”â”â”â”â”â”â”â”â”â”â”â”â”â”â”â”â”â”â”â”â”â”â”â”â”â”â”â” 108.0/108.0 kB 7.2 MB/s eta 0:00:00[2026-01-15 08:16:23.817504] 
  Installing build dependencies: started
  Installing build dependencies: finished with status 'done'
  Getting requirements to build wheel: started
  Getting requirements to build wheel: finished with status 'error'
  error: subprocess-exited-with-error
  
  Ã— Getting requirements to build wheel did not run successfully.
  â”‚ exit code: 1
  â•°â”€> [20 lines of output]
      Traceback (most recent call last):
        File "/home/adminuser/venv/lib/python3.11/site-packages/pip/_vendor/pyproject_hooks/_in_process/_in_process.py", line 353, in <module>
          main()
        File "/home/adminuser/venv/lib/python3.11/site-packages/pip/_vendor/pyproject_hooks/_in_process/_in_process.py", line 335, in main
          json_out['return_val'] = hook(**hook_input['kwargs'])
                                   ^^^^^^^^^^^^^^^^^^^^^^^^^^^^
        File "/home/adminuser/venv/lib/python3.11/site-packages/pip/_vendor/pyproject_hooks/_in_process/_in_process.py", line 118, in get_requires_for_build_wheel
          return hook(config_settings)
                 ^^^^^^^^^^^^^^^^^^^^^
        File "/tmp/pip-build-env-5lzd98w7/overlay/lib/python3.11/site-packages/setuptools/build_meta.py", line 331, in get_requires_for_build_wheel
          return self._get_build_requires(config_settings, requirements=[])
                 ^^^^^^^^^^^^^^^^^^^^^^^^^^^^^^^^^^^^^^^^^^^^^^^^^^^^^^^^^^
        File "/tmp/pip-build-env-5lzd98w7/overlay/lib/python3.11/site-packages/setuptools/build_meta.py", line 301, in _get_build_requires
          self.run_setup()
        File "/tmp/pip-build-env-5lzd98w7/overlay/lib/python3.11/site-packages/setuptools/build_meta.py", line 512, in run_setup
          super().run_setup(setup_script=setup_script)
        File "/tmp/pip-build-env-5lzd98w7/overlay/lib/python3.11/site-packages/setuptools/build_meta.py", line 317, in run_setup
          exec(code, locals())
        File "<string>", line 8, in <module>
      ModuleNotFoundError: No module named 'torch'
      [end of output]
  
  note: This error originates from a subprocess, and is likely not a problem with pip.
error: subprocess-exited-with-error

Ã— Getting requirements to build wheel did not run successfully.
â”‚ exit code: 1
â•°â”€> See above for output.

note: This error originates from a subprocess, and is likely not a problem with pip.

[notice] A new release of pip is available: 24.0 -> 25.3
[notice] To update, run: pip install --upgrade pip
Checking if Streamlit is installed
Installing rich for an improved exception logging
Using standard pip install.
Collecting rich>=10.14.0
  Downloading rich-14.2.0-py3-none-any.whl.metadata (18 kB)
Collecting markdown-it-py>=2.2.0 (from rich>=10.14.0)
  Downloading markdown_it_py-4.0.0-py3-none-any.whl.metadata (7.3 kB)
Collecting pygments<3.0.0,>=2.13.0 (from rich>=10.14.0)
  Downloading pygments-2.19.2-py3-none-any.whl.metadata (2.5 kB)
Collecting mdurl~=0.1 (from markdown-it-py>=2.2.0->rich>=10.14.0)
  Downloading mdurl-0.1.2-py3-none-any.whl.metadata (1.6 kB)
Downloading rich-14.2.0-py3-none-any.whl (243 kB)
   â”â”â”â”â”â”â”â”â”â”â”â”â”â”â”â”â”â”â”â”â”â”â”â”â”â”â”â”â”â”â”â”â”â”â”â”â”â”â”â” 243.4/243.4 kB 16.4 MB/s eta 0:00:00[2026-01-15 08:16:27.945482] 
Downloading markdown_it_py-4.0.0-py3-none-any.whl (87 kB)
   â”â”â”â”â”â”â”â”â”â”â”â”â”â”â”â”â”â”â”â”â”â”â”â”â”â”â”â”â”â”â”â”â”â”â”â”â”â”â”â” 87.3/87.3 kB 160.7 MB/s eta 0:00:00[2026-01-15 08:16:27.957109] 
Downloading pygments-2.19.2-py3-none-any.whl (1.2 MB)
   â”â”â”â”â”â”â”â”â”â”â”â”â”â”â”â”â”â”â”â”â”â”â”â”â”â”â”â”â”â”â”â”â”â”â”â”â”â”â”â” 1.2/1.2 MB 95.9 MB/s eta 0:00:00[2026-01-15 08:16:27.980658] 
Downloading mdurl-0.1.2-py3-none-any.whl (10.0 kB)
Installing collected packages: pygments, mdurl, markdown-it-py, rich
  Attempting uninstall: pygments
    Found existing installation: Pygments 2.19.2
    Uninstalling Pygments-2.19.2:
      Successfully uninstalled Pygments-2.19.2
  Attempting uninstall: mdurl
    Found existing installation: mdurl 0.1.2
    Uninstalling mdurl-0.1.2:
      Successfully uninstalled mdurl-0.1.2
  Attempting uninstall: markdown-it-py
    Found existing installation: markdown-it-py 4.0.0
    Uninstalling markdown-it-py-4.0.0:
      Successfully uninstalled markdown-it-py-4.0.0
  Attempting uninstall: rich
    Found existing installation: rich 14.2.0
    Uninstalling rich-14.2.0:
      Successfully uninstalled rich-14.2.0
Successfully installed markdown-it-py-4.0.0 mdurl-0.1.2 pygments-2.19.2 rich-14.2.0

[notice] A new release of pip is available: 24.0 -> 25.3
[notice] To update, run: pip install --upgrade pip

â”€â”€â”€â”€â”€â”€â”€â”€â”€â”€â”€â”€â”€â”€â”€â”€â”€â”€â”€â”€â”€â”€â”€â”€â”€â”€â”€â”€â”€â”€â”€â”€â”€â”€â”€â”€â”€â”€â”€â”€â”€â”€â”€â”€â”€â”€â”€â”€â”€â”€â”€â”€â”€â”€â”€â”€â”€â”€â”€â”€â”€â”€â”€â”€â”€â”€â”€â”€â”€â”€â”€â”€â”€â”€â”€â”€â”€â”€â”€â”€â”€â”€â”€â”€â”€â”€â”€â”€

[08:16:29] â—ï¸ installer returned a non-zero exit code
[08:16:54] ğŸ™ Pulling code changes from Github...
[08:16:55] ğŸ“¦ Processing dependencies...
[08:16:55] ğŸ“¦ Apt dependencies were installed from /mount/src/blank-app/packages.txt using apt-get.

â”€â”€â”€â”€â”€â”€â”€â”€â”€â”€â”€â”€â”€â”€â”€â”€â”€â”€â”€â”€â”€â”€â”€â”€â”€â”€â”€â”€â”€â”€â”€â”€â”€â”€â”€â”€â”€â”€â”€â”€ uv â”€â”€â”€â”€â”€â”€â”€â”€â”€â”€â”€â”€â”€â”€â”€â”€â”€â”€â”€â”€â”€â”€â”€â”€â”€â”€â”€â”€â”€â”€â”€â”€â”€â”€â”€â”€â”€â”€â”€â”€â”€â”€â”€

Using uv pip install.
Using Python 3.11.14 environment at /home/adminuser/venv
Resolved 62 packages in 1.51s
  Ã— Failed to download and build `torch-scatter==2.1.2`
  â”œâ”€â–¶ Build backend failed to determine requirements with `build_wheel()`
  â”‚   (exit status: 1)

  â”‚   [stderr]
  â”‚   Traceback (most recent call last):
  â”‚     File "<string>", line 14, in <module>
  â”‚     File
  â”‚   "/home/adminuser/.cache/uv/builds-v0/.tmpOAWxie/lib/python3.11/site-packages/setuptools/build_meta.py",
  â”‚   line 327, in get_requires_for_build_wheel
  â”‚       return self._get_build_requires(config_settings, requirements=[])
  â”‚              ^^^^^^^^^^^^^^^^^^^^^^^^^^^^^^^^^^^^^^^^^^^^^^^^^^^^^^^^^^
  â”‚     File
  â”‚   "/home/adminuser/.cache/uv/builds-v0/.tmpOAWxie/lib/python3.11/site-packages/setuptools/build_meta.py",
  â”‚   line 297, in _get_build_requires
  â”‚       self.run_setup()
  â”‚     File
  â”‚   "/home/adminuser/.cache/uv/builds-v0/.tmpOAWxie/lib/python3.11/site-packages/setuptools/build_meta.py",
  â”‚   line 497, in run_setup
  â”‚       super().run_setup(setup_script=setup_script)
  â”‚     File
  â”‚   "/home/adminuser/.cache/uv/builds-v0/.tmpOAWxie/lib/python3.11/site-packages/setuptools/build_meta.py",
  â”‚   line 313, in run_setup
  â”‚       exec(code, locals())
  â”‚     File "<string>", line 8, in <module>
  â”‚   ModuleNotFoundError: No module named 'torch'

  â•°â”€â–¶ This error likely indicates that torch-scatter@2.1.2 depends
      on torch, but doesn't declare it as a build dependency. If
      torch-scatter is a first-party package, consider adding torch to its
      `build-system.requires`. Otherwise, `uv pip install torch` into the
      environment and re-run with `--no-build-isolation`.
Checking if Streamlit is installed
Installing rich for an improved exception logging
Using uv pip install.
Using Python 3.11.14 environment at /home/adminuser/venv
Audited 1 package in 1ms

â”€â”€â”€â”€â”€â”€â”€â”€â”€â”€â”€â”€â”€â”€â”€â”€â”€â”€â”€â”€â”€â”€â”€â”€â”€â”€â”€â”€â”€â”€â”€â”€â”€â”€â”€â”€â”€â”€â”€â”€â”€â”€â”€â”€â”€â”€â”€â”€â”€â”€â”€â”€â”€â”€â”€â”€â”€â”€â”€â”€â”€â”€â”€â”€â”€â”€â”€â”€â”€â”€â”€â”€â”€â”€â”€â”€â”€â”€â”€â”€â”€â”€â”€â”€â”€â”€â”€â”€


â”€â”€â”€â”€â”€â”€â”€â”€â”€â”€â”€â”€â”€â”€â”€â”€â”€â”€â”€â”€â”€â”€â”€â”€â”€â”€â”€â”€â”€â”€â”€â”€â”€â”€â”€â”€â”€â”€â”€â”€ pip â”€â”€â”€â”€â”€â”€â”€â”€â”€â”€â”€â”€â”€â”€â”€â”€â”€â”€â”€â”€â”€â”€â”€â”€â”€â”€â”€â”€â”€â”€â”€â”€â”€â”€â”€â”€â”€â”€â”€â”€â”€â”€â”€

Using standard pip install.
Looking in indexes: https://pypi.org/simple, https://download.pytorch.org/whl/cpu
Collecting streamlit==1.53.0 (from -r /mount/src/blank-app/requirements.txt (line 1))
  Downloading streamlit-1.53.0-py3-none-any.whl.metadata (10 kB)
Collecting torch==2.5.1+cpu (from -r /mount/src/blank-app/requirements.txt (line 3))
  Downloading https://download.pytorch.org/whl/cpu/torch-2.5.1%2Bcpu-cp311-cp311-linux_x86_64.whl (174.7 MB)
     â”â”â”â”â”â”â”â”â”â”â”â”â”â”â”â”â”â”â”â”â”â”â”â”â”â”â”â”â”â”â”â”â”â”â”â”â” 174.7/174.7 MB 190.0 MB/s eta 0:00:00[2026-01-15 08:17:01.142497] 
Collecting torchvision==0.20.1+cpu (from -r /mount/src/blank-app/requirements.txt (line 4))
  Downloading https://download.pytorch.org/whl/cpu/torchvision-0.20.1%2Bcpu-cp311-cp311-linux_x86_64.whl (1.8 MB)
     â”â”â”â”â”â”â”â”â”â”â”â”â”â”â”â”â”â”â”â”â”â”â”â”â”â”â”â”â”â”â”â”â”â”â”â”â”â”â”â” 1.8/1.8 MB 186.2 MB/s eta 0:00:00[2026-01-15 08:17:01.819907] 
Collecting torchaudio==2.5.1+cpu (from -r /mount/src/blank-app/requirements.txt (line 5))
  Downloading https://download.pytorch.org/whl/cpu/torchaudio-2.5.1%2Bcpu-cp311-cp311-linux_x86_64.whl (1.7 MB)
     â”â”â”â”â”â”â”â”â”â”â”â”â”â”â”â”â”â”â”â”â”â”â”â”â”â”â”â”â”â”â”â”â”â”â”â”â”â”â”â” 1.7/1.7 MB 235.4 MB/s eta 0:00:00[2026-01-15 08:17:02.381349] 
Collecting torch-scatter==2.1.2 (from -r /mount/src/blank-app/requirements.txt (line 9))
  Downloading torch_scatter-2.1.2.tar.gz (108 kB)
     â”â”â”â”â”â”â”â”â”â”â”â”â”â”â”â”â”â”â”â”â”â”â”â”â”â”â”â”â”â”â”â”â”â”â”â”â”â”â” 108.0/108.0 kB 5.9 MB/s eta 0:00:00[2026-01-15 08:17:02.652547] 
  Installing build dependencies: started
  Installing build dependencies: finished with status 'done'
  Getting requirements to build wheel: started
  Getting requirements to build wheel: finished with status 'error'
  error: subprocess-exited-with-error
  
  Ã— Getting requirements to build wheel did not run successfully.
  â”‚ exit code: 1
  â•°â”€> [20 lines of output]
      Traceback (most recent call last):
        File "/home/adminuser/venv/lib/python3.11/site-packages/pip/_vendor/pyproject_hooks/_in_process/_in_process.py", line 353, in <module>
          main()
        File "/home/adminuser/venv/lib/python3.11/site-packages/pip/_vendor/pyproject_hooks/_in_process/_in_process.py", line 335, in main
          json_out['return_val'] = hook(**hook_input['kwargs'])
                                   ^^^^^^^^^^^^^^^^^^^^^^^^^^^^
        File "/home/adminuser/venv/lib/python3.11/site-packages/pip/_vendor/pyproject_hooks/_in_process/_in_process.py", line 118, in get_requires_for_build_wheel
          return hook(config_settings)
                 ^^^^^^^^^^^^^^^^^^^^^
        File "/tmp/pip-build-env-iqg9w5vf/overlay/lib/python3.11/site-packages/setuptools/build_meta.py", line 331, in get_requires_for_build_wheel
          return self._get_build_requires(config_settings, requirements=[])
                 ^^^^^^^^^^^^^^^^^^^^^^^^^^^^^^^^^^^^^^^^^^^^^^^^^^^^^^^^^^
        File "/tmp/pip-build-env-iqg9w5vf/overlay/lib/python3.11/site-packages/setuptools/build_meta.py", line 301, in _get_build_requires
          self.run_setup()
        File "/tmp/pip-build-env-iqg9w5vf/overlay/lib/python3.11/site-packages/setuptools/build_meta.py", line 512, in run_setup
          super().run_setup(setup_script=setup_script)
        File "/tmp/pip-build-env-iqg9w5vf/overlay/lib/python3.11/site-packages/setuptools/build_meta.py", line 317, in run_setup
          exec(code, locals())
        File "<string>", line 8, in <module>
      ModuleNotFoundError: No module named 'torch'
      [end of output]
  
  note: This error originates from a subprocess, and is likely not a problem with pip.
error: subprocess-exited-with-error

Ã— Getting requirements to build wheel did not run successfully.
â”‚ exit code: 1
â•°â”€> See above for output.

note: This error originates from a subprocess, and is likely not a problem with pip.

[notice] A new release of pip is available: 24.0 -> 25.3
[notice] To update, run: pip install --upgrade pip
Checking if Streamlit is installed
Installing rich for an improved exception logging
Using standard pip install.
Collecting rich>=10.14.0
  Downloading rich-14.2.0-py3-none-any.whl.metadata (18 kB)
Collecting markdown-it-py>=2.2.0 (from rich>=10.14.0)
  Downloading markdown_it_py-4.0.0-py3-none-any.whl.metadata (7.3 kB)
Collecting pygments<3.0.0,>=2.13.0 (from rich>=10.14.0)
  Downloading pygments-2.19.2-py3-none-any.whl.metadata (2.5 kB)
Collecting mdurl~=0.1 (from markdown-it-py>=2.2.0->rich>=10.14.0)
  Downloading mdurl-0.1.2-py3-none-any.whl.metadata (1.6 kB)
Downloading rich-14.2.0-py3-none-any.whl (243 kB)
   â”â”â”â”â”â”â”â”â”â”â”â”â”â”â”â”â”â”â”â”â”â”â”â”â”â”â”â”â”â”â”â”â”â”â”â”â”â”â”â” 243.4/243.4 kB 13.7 MB/s eta 0:00:00[2026-01-15 08:17:06.486245] 
Downloading markdown_it_py-4.0.0-py3-none-any.whl (87 kB)
   â”â”â”â”â”â”â”â”â”â”â”â”â”â”â”â”â”â”â”â”â”â”â”â”â”â”â”â”â”â”â”â”â”â”â”â”â”â”â”â” 87.3/87.3 kB 158.9 MB/s eta 0:00:00[2026-01-15 08:17:06.499241] 
Downloading pygments-2.19.2-py3-none-any.whl (1.2 MB)
   â”â”â”â”â”â”â”â”â”â”â”â”â”â”â”â”â”â”â”â”â”â”â”â”â”â”â”â”â”â”â”â”â”â”â”â”â”â”â”â” 1.2/1.2 MB 72.9 MB/s eta 0:00:00
Downloading mdurl-0.1.2-py3-none-any.whl (10.0 kB)
Installing collected packages: pygments, mdurl, markdown-it-py, rich
  Attempting uninstall: pygments
    Found existing installation: Pygments 2.19.2
    Uninstalling Pygments-2.19.2:
      Successfully uninstalled Pygments-2.19.2
  Attempting uninstall: mdurl
    Found existing installation: mdurl 0.1.2
    Uninstalling mdurl-0.1.2:
      Successfully uninstalled mdurl-0.1.2
  Attempting uninstall: markdown-it-py
    Found existing installation: markdown-it-py 4.0.0
    Uninstalling markdown-it-py-4.0.0:
      Successfully uninstalled markdown-it-py-4.0.0
  Attempting uninstall: rich
    Found existing installation: rich 14.2.0
    Uninstalling rich-14.2.0:
      Successfully uninstalled rich-14.2.0
Successfully installed markdown-it-py-4.0.0 mdurl-0.1.2 pygments-2.19.2 rich-14.2.0

[notice] A new release of pip is available: 24.0 -> 25.3
[notice] To update, run: pip install --upgrade pip

â”€â”€â”€â”€â”€â”€â”€â”€â”€â”€â”€â”€â”€â”€â”€â”€â”€â”€â”€â”€â”€â”€â”€â”€â”€â”€â”€â”€â”€â”€â”€â”€â”€â”€â”€â”€â”€â”€â”€â”€â”€â”€â”€â”€â”€â”€â”€â”€â”€â”€â”€â”€â”€â”€â”€â”€â”€â”€â”€â”€â”€â”€â”€â”€â”€â”€â”€â”€â”€â”€â”€â”€â”€â”€â”€â”€â”€â”€â”€â”€â”€â”€â”€â”€â”€â”€â”€â”€

[08:17:09] â—ï¸ installer returned a non-zero exit code